#
# There is insufficient memory for the Java Runtime Environment to continue.
# Native memory allocation (malloc) failed to allocate 1606096 bytes for Chunk::new
# Possible reasons:
#   The system is out of physical RAM or swap space
#   The process is running with CompressedOops enabled, and the Java Heap may be blocking the growth of the native heap
# Possible solutions:
#   Reduce memory load on the system
#   Increase physical memory or swap space
#   Check if swap backing store is full
#   Decrease Java heap size (-Xmx/-Xms)
#   Decrease number of Java threads
#   Decrease Java thread stack sizes (-Xss)
#   Set larger code cache with -XX:ReservedCodeCacheSize=
#   JVM is running with Unscaled Compressed Oops mode in which the Java heap is
#     placed in the first 4GB address space. The Java Heap base address is the
#     maximum limit for the native heap growth. Please use -XX:HeapBaseMinAddress
#     to set the Java Heap base and to place the Java Heap above 4GB virtual address.
# This output file may be truncated or incomplete.
#
#  Out of Memory Error (./src/hotspot/share/memory/arena.cpp:197), pid=16084, tid=1684
#
# JRE version: OpenJDK Runtime Environment (11.0.11+9) (build 11.0.11+9-b60-7590822)
# Java VM: OpenJDK 64-Bit Server VM (11.0.11+9-b60-7590822, mixed mode, tiered, compressed oops, g1 gc, windows-amd64)
# No core dump will be written. Minidumps are not enabled by default on client versions of Windows
#

---------------  S U M M A R Y ------------

Command Line: --add-opens=java.base/java.util=ALL-UNNAMED --add-opens=java.base/java.lang=ALL-UNNAMED --add-opens=java.base/java.lang.invoke=ALL-UNNAMED --add-opens=java.base/java.util=ALL-UNNAMED --add-opens=java.prefs/java.util.prefs=ALL-UNNAMED --add-opens=java.prefs/java.util.prefs=ALL-UNNAMED --add-opens=java.base/java.nio.charset=ALL-UNNAMED --add-opens=java.base/java.net=ALL-UNNAMED --add-opens=java.base/java.util.concurrent.atomic=ALL-UNNAMED -Xmx2048m -Dfile.encoding=UTF-8 -Duser.country=US -Duser.language=en -Duser.variant org.gradle.launcher.daemon.bootstrap.GradleDaemon 7.2

Host: Intel(R) Core(TM) i5-1035G1 CPU @ 1.00GHz, 8 cores, 7G,  Windows 10 , 64 bit Build 22000 (10.0.22000.434)
Time: Tue Mar 15 08:41:53 2022 SE Asia Standard Time elapsed time: 37.551673 seconds (0d 0h 0m 37s)

---------------  T H R E A D  ---------------

Current thread (0x0000023efcfd4000):  JavaThread "C2 CompilerThread1" daemon [_thread_in_native, id=1684, stack(0x0000004031f00000,0x0000004032000000)]


Current CompileTask:
C2:  37551 14334   !   4       org.gradle.internal.instantiation.generator.DependencyInjectingInstantiator::doCreate (64 bytes)

Stack: [0x0000004031f00000,0x0000004032000000]
Native frames: (J=compiled Java code, j=interpreted, Vv=VM code, C=native code)
V  [jvm.dll+0x5f214a]
V  [jvm.dll+0x726fb5]
V  [jvm.dll+0x7285cd]
V  [jvm.dll+0x728c83]
V  [jvm.dll+0x243278]
V  [jvm.dll+0xbc53c]
V  [jvm.dll+0xbca3c]
V  [jvm.dll+0x353e3b]
V  [jvm.dll+0x19875c]
V  [jvm.dll+0x1fc2ee]
V  [jvm.dll+0x1fb3d4]
V  [jvm.dll+0x183d6c]
V  [jvm.dll+0x209a57]
V  [jvm.dll+0x2082a1]
V  [jvm.dll+0x6ef58f]
V  [jvm.dll+0x6e80b5]
V  [jvm.dll+0x5f1036]
C  [ucrtbase.dll+0x26c0c]
C  [KERNEL32.DLL+0x154e0]
C  [ntdll.dll+0x485b]


---------------  P R O C E S S  ---------------

Threads class SMR info:
_java_thread_list=0x0000023efd5bea40, length=136, elements={
0x0000023ed99ff800, 0x0000023ef3e96000, 0x0000023ef3e8c000, 0x0000023ef3e9e000,
0x0000023ef46e5000, 0x0000023ef46ea800, 0x0000023ef46ec000, 0x0000023ef46f2800,
0x0000023ef46f5800, 0x0000023ef4859800, 0x0000023ef61d6800, 0x0000023ef6723000,
0x0000023ef667e000, 0x0000023ef67b5800, 0x0000023ef6678800, 0x0000023ef668d800,
0x0000023ef668f000, 0x0000023ef668e000, 0x0000023ef6689800, 0x0000023ef6690000,
0x0000023ef668b000, 0x0000023ef668c000, 0x0000023ef74f7000, 0x0000023ef74f6800,
0x0000023ef74fc000, 0x0000023ef74fd000, 0x0000023ef74fd800, 0x0000023ef74f8000,
0x0000023ef74ff800, 0x0000023ef74fa800, 0x0000023efb3a4000, 0x0000023efb3a5000,
0x0000023efb3a5800, 0x0000023efb3a7800, 0x0000023efb3a1800, 0x0000023efb3a3800,
0x0000023efb3a8000, 0x0000023efb3a2800, 0x0000023efb3ae000, 0x0000023efb3ae800,
0x0000023efcfd4000, 0x0000023efb3a9000, 0x0000023efb3aa000, 0x0000023efb3ab800,
0x0000023efb3af800, 0x0000023efb3b0800, 0x0000023efb3aa800, 0x0000023efb3ac000,
0x0000023efb3ad000, 0x0000023ef74fe800, 0x0000023ef74fb000, 0x0000023ef74f8800,
0x0000023ef74f9800, 0x0000023ef7501800, 0x0000023ef7502800, 0x0000023ef7504000,
0x0000023ef7503800, 0x0000023ef7505000, 0x0000023ef668c800, 0x0000023ef668a000,
0x0000023ef95ae000, 0x0000023ef95a8000, 0x0000023ef95aa800, 0x0000023ef95a9000,
0x0000023ef95ab800, 0x0000023ef95af000, 0x0000023ef95ac800, 0x0000023ef95af800,
0x0000023ef95ad000, 0x0000023ef95aa000, 0x0000023ef95b6000, 0x0000023ef95b3000,
0x0000023ef95b2000, 0x0000023ef95b3800, 0x0000023ef95b0800, 0x0000023ef95b4800,
0x0000023ef95b7000, 0x0000023ef95b1000, 0x0000023ef95b5800, 0x0000023efd486800,
0x0000023efd481000, 0x0000023efd487800, 0x0000023efd483800, 0x0000023efd482000,
0x0000023efd482800, 0x0000023efd489000, 0x0000023efd485000, 0x0000023efd486000,
0x0000023efd48a000, 0x0000023efd488800, 0x0000023efd484800, 0x0000023efd48b000,
0x0000023efd48b800, 0x0000023efd48f800, 0x0000023efd48c800, 0x0000023efd48d800,
0x0000023efd48e000, 0x0000023efd48f000, 0x0000023ef6afe800, 0x0000023ef6b03800,
0x0000023ef6aff800, 0x0000023ef6b00000, 0x0000023ef6b01000, 0x0000023ef6b01800,
0x0000023ef6afd800, 0x0000023ef6b04000, 0x0000023ef6b05000, 0x0000023ef6b07800,
0x0000023ef6b02800, 0x0000023ef6b0a800, 0x0000023ef6b06800, 0x0000023ef6b08800,
0x0000023ef6b0b800, 0x0000023ef6b06000, 0x0000023ef6b0c800, 0x0000023ef6b09000,
0x0000023ef6b0a000, 0x0000023ef6b0d000, 0x0000023e80e51800, 0x0000023e80e51000,
0x0000023e80e55000, 0x0000023e80e50000, 0x0000023e80e52800, 0x0000023e80e54000,
0x0000023e80e4f000, 0x0000023e80e55800, 0x0000023e80e58000, 0x0000023e80e57800,
0x0000023e80e56800, 0x0000023e80e59000, 0x0000023e80e53000, 0x0000023e80e59800,
0x0000023e80e5a800, 0x0000023e80e5d000, 0x0000023e80e5b800, 0x0000023e80e5e000
}

Java Threads: ( => current thread )
  0x0000023ed99ff800 JavaThread "main" [_thread_blocked, id=4284, stack(0x000000402e900000,0x000000402ea00000)]
  0x0000023ef3e96000 JavaThread "Reference Handler" daemon [_thread_blocked, id=7996, stack(0x000000402f000000,0x000000402f100000)]
  0x0000023ef3e8c000 JavaThread "Finalizer" daemon [_thread_blocked, id=7568, stack(0x000000402f100000,0x000000402f200000)]
  0x0000023ef3e9e000 JavaThread "Signal Dispatcher" daemon [_thread_blocked, id=800, stack(0x000000402f200000,0x000000402f300000)]
  0x0000023ef46e5000 JavaThread "Attach Listener" daemon [_thread_blocked, id=8, stack(0x000000402f300000,0x000000402f400000)]
  0x0000023ef46ea800 JavaThread "Service Thread" daemon [_thread_blocked, id=10624, stack(0x000000402f400000,0x000000402f500000)]
  0x0000023ef46ec000 JavaThread "C2 CompilerThread0" daemon [_thread_in_native, id=7856, stack(0x000000402f500000,0x000000402f600000)]
  0x0000023ef46f2800 JavaThread "C1 CompilerThread0" daemon [_thread_blocked, id=16980, stack(0x000000402f600000,0x000000402f700000)]
  0x0000023ef46f5800 JavaThread "Sweeper thread" daemon [_thread_blocked, id=384, stack(0x000000402f700000,0x000000402f800000)]
  0x0000023ef4859800 JavaThread "Common-Cleaner" daemon [_thread_blocked, id=2324, stack(0x000000402f800000,0x000000402f900000)]
  0x0000023ef61d6800 JavaThread "Daemon health stats" [_thread_blocked, id=11836, stack(0x000000402fc00000,0x000000402fd00000)]
  0x0000023ef6723000 JavaThread "Incoming local TCP Connector on port 2260" [_thread_in_native, id=5596, stack(0x000000402fd00000,0x000000402fe00000)]
  0x0000023ef667e000 JavaThread "Daemon periodic checks" [_thread_blocked, id=17404, stack(0x000000402fe00000,0x000000402ff00000)]
  0x0000023ef67b5800 JavaThread "Daemon" [_thread_blocked, id=10932, stack(0x000000402ff00000,0x0000004030000000)]
  0x0000023ef6678800 JavaThread "Daemon worker" [_thread_blocked, id=6156, stack(0x0000004030200000,0x0000004030300000)]
  0x0000023ef668d800 JavaThread "Cache worker for journal cache (C:\Users\HUONG\.gradle\caches\journal-1)" [_thread_blocked, id=7516, stack(0x0000004030b00000,0x0000004030c00000)]
  0x0000023ef668f000 JavaThread "File lock request listener" [_thread_in_native, id=3964, stack(0x0000004030c00000,0x0000004030d00000)]
  0x0000023ef668e000 JavaThread "Cache worker for file hash cache (C:\Users\HUONG\.gradle\caches\7.2\fileHashes)" [_thread_blocked, id=16856, stack(0x0000004030e00000,0x0000004030f00000)]
  0x0000023ef6689800 JavaThread "File watcher server" daemon [_thread_blocked, id=17372, stack(0x0000004031000000,0x0000004031100000)]
  0x0000023ef6690000 JavaThread "File watcher consumer" daemon [_thread_blocked, id=17076, stack(0x0000004031100000,0x0000004031200000)]
  0x0000023ef668b000 JavaThread "jar transforms" [_thread_blocked, id=5764, stack(0x0000004031200000,0x0000004031300000)]
  0x0000023ef668c000 JavaThread "jar transforms Thread 2" [_thread_blocked, id=16924, stack(0x0000004031300000,0x0000004031400000)]
  0x0000023ef74f7000 JavaThread "jar transforms Thread 3" [_thread_blocked, id=16908, stack(0x0000004031400000,0x0000004031500000)]
  0x0000023ef74f6800 JavaThread "jar transforms Thread 4" [_thread_blocked, id=16756, stack(0x0000004031500000,0x0000004031600000)]
  0x0000023ef74fc000 JavaThread "jar transforms Thread 5" [_thread_blocked, id=4032, stack(0x0000004031600000,0x0000004031700000)]
  0x0000023ef74fd000 JavaThread "jar transforms Thread 6" [_thread_blocked, id=5476, stack(0x0000004031700000,0x0000004031800000)]
  0x0000023ef74fd800 JavaThread "jar transforms Thread 7" [_thread_blocked, id=16768, stack(0x0000004031800000,0x0000004031900000)]
  0x0000023ef74f8000 JavaThread "jar transforms Thread 8" [_thread_blocked, id=16716, stack(0x0000004031900000,0x0000004031a00000)]
  0x0000023ef74ff800 JavaThread "Cache worker for execution history cache (C:\Users\HUONG\.gradle\caches\7.2\executionHistory)" [_thread_blocked, id=16652, stack(0x0000004031d00000,0x0000004031e00000)]
  0x0000023ef74fa800 JavaThread "Cache worker for file content cache (C:\Users\HUONG\.gradle\caches\7.2\fileContent)" [_thread_blocked, id=16548, stack(0x0000004031e00000,0x0000004031f00000)]
  0x0000023efb3a4000 JavaThread "Memory manager" [_thread_blocked, id=17276, stack(0x0000004037100000,0x0000004037200000)]
  0x0000023efb3a5000 JavaThread "Handler for socket connection from /127.0.0.1:2260 to /127.0.0.1:2279" [_thread_in_native, id=6520, stack(0x0000004030000000,0x0000004030100000)]
  0x0000023efb3a5800 JavaThread "Cancel handler" [_thread_blocked, id=16516, stack(0x0000004030100000,0x0000004030200000)]
  0x0000023efb3a7800 JavaThread "Asynchronous log dispatcher for DefaultDaemonConnection: socket connection from /127.0.0.1:2260 to /127.0.0.1:2279" [_thread_blocked, id=7480, stack(0x0000004030300000,0x0000004030400000)]
  0x0000023efb3a1800 JavaThread "Stdin handler" [_thread_blocked, id=17396, stack(0x0000004030400000,0x0000004030500000)]
  0x0000023efb3a3800 JavaThread "Daemon client event forwarder" [_thread_blocked, id=16600, stack(0x0000004030500000,0x0000004030600000)]
  0x0000023efb3a8000 JavaThread "Cache worker for file hash cache (C:\Users\HUONG\AndroidStudioProjects\BaiGK\.gradle\7.2\fileHashes)" [_thread_blocked, id=8268, stack(0x0000004030f00000,0x0000004031000000)]
  0x0000023efb3a2800 JavaThread "Cache worker for checksums cache (C:\Users\HUONG\AndroidStudioProjects\BaiGK\.gradle\checksums)" [_thread_blocked, id=16000, stack(0x0000004031a00000,0x0000004031b00000)]
  0x0000023efb3ae000 JavaThread "Cache worker for cache directory md-supplier (C:\Users\HUONG\.gradle\caches\7.2\md-supplier)" [_thread_blocked, id=10864, stack(0x0000004031b00000,0x0000004031c00000)]
  0x0000023efb3ae800 JavaThread "Cache worker for cache directory md-rule (C:\Users\HUONG\.gradle\caches\7.2\md-rule)" [_thread_blocked, id=15400, stack(0x0000004031c00000,0x0000004031d00000)]
=>0x0000023efcfd4000 JavaThread "C2 CompilerThread1" daemon [_thread_in_native, id=1684, stack(0x0000004031f00000,0x0000004032000000)]
  0x0000023efb3a9000 JavaThread "Cache worker for dependencies-accessors (C:\Users\HUONG\AndroidStudioProjects\BaiGK\.gradle\7.2\dependencies-accessors)" [_thread_blocked, id=16220, stack(0x0000004032000000,0x0000004032100000)]
  0x0000023efb3aa000 JavaThread "Cache worker for Build Output Cleanup Cache (C:\Users\HUONG\AndroidStudioProjects\BaiGK\.gradle\buildOutputCleanup)" [_thread_blocked, id=5484, stack(0x0000004032100000,0x0000004032200000)]
  0x0000023efb3ab800 JavaThread "Unconstrained build operations" [_thread_blocked, id=6340, stack(0x0000004032200000,0x0000004032300000)]
  0x0000023efb3af800 JavaThread "Unconstrained build operations Thread 2" [_thread_blocked, id=9184, stack(0x0000004032300000,0x0000004032400000)]
  0x0000023efb3b0800 JavaThread "Unconstrained build operations Thread 3" [_thread_blocked, id=16628, stack(0x0000004032400000,0x0000004032500000)]
  0x0000023efb3aa800 JavaThread "Unconstrained build operations Thread 4" [_thread_blocked, id=12208, stack(0x0000004032500000,0x0000004032600000)]
  0x0000023efb3ac000 JavaThread "Unconstrained build operations Thread 5" [_thread_blocked, id=12500, stack(0x0000004032600000,0x0000004032700000)]
  0x0000023efb3ad000 JavaThread "Unconstrained build operations Thread 6" [_thread_blocked, id=8832, stack(0x0000004032700000,0x0000004032800000)]
  0x0000023ef74fe800 JavaThread "Unconstrained build operations Thread 7" [_thread_blocked, id=7016, stack(0x0000004032800000,0x0000004032900000)]
  0x0000023ef74fb000 JavaThread "Unconstrained build operations Thread 8" [_thread_blocked, id=16596, stack(0x0000004032900000,0x0000004032a00000)]
  0x0000023ef74f8800 JavaThread "Unconstrained build operations Thread 9" [_thread_blocked, id=8220, stack(0x0000004032a00000,0x0000004032b00000)]
  0x0000023ef74f9800 JavaThread "Unconstrained build operations Thread 10" [_thread_blocked, id=5200, stack(0x0000004032b00000,0x0000004032c00000)]
  0x0000023ef7501800 JavaThread "Unconstrained build operations Thread 11" [_thread_blocked, id=14080, stack(0x0000004032c00000,0x0000004032d00000)]
  0x0000023ef7502800 JavaThread "Unconstrained build operations Thread 12" [_thread_blocked, id=15032, stack(0x0000004032d00000,0x0000004032e00000)]
  0x0000023ef7504000 JavaThread "Unconstrained build operations Thread 13" [_thread_blocked, id=1904, stack(0x0000004032e00000,0x0000004032f00000)]
  0x0000023ef7503800 JavaThread "Unconstrained build operations Thread 14" [_thread_blocked, id=12304, stack(0x0000004032f00000,0x0000004033000000)]
  0x0000023ef7505000 JavaThread "Unconstrained build operations Thread 15" [_thread_blocked, id=13020, stack(0x0000004033000000,0x0000004033100000)]
  0x0000023ef668c800 JavaThread "Unconstrained build operations Thread 16" [_thread_blocked, id=15452, stack(0x0000004033100000,0x0000004033200000)]
  0x0000023ef668a000 JavaThread "Unconstrained build operations Thread 17" [_thread_blocked, id=14376, stack(0x0000004033200000,0x0000004033300000)]
  0x0000023ef95ae000 JavaThread "Unconstrained build operations Thread 18" [_thread_blocked, id=4640, stack(0x0000004033300000,0x0000004033400000)]
  0x0000023ef95a8000 JavaThread "Unconstrained build operations Thread 19" [_thread_blocked, id=17028, stack(0x0000004033400000,0x0000004033500000)]
  0x0000023ef95aa800 JavaThread "Unconstrained build operations Thread 20" [_thread_blocked, id=7272, stack(0x0000004033500000,0x0000004033600000)]
  0x0000023ef95a9000 JavaThread "Unconstrained build operations Thread 21" [_thread_blocked, id=8800, stack(0x0000004033600000,0x0000004033700000)]
  0x0000023ef95ab800 JavaThread "Unconstrained build operations Thread 22" [_thread_blocked, id=12368, stack(0x0000004033700000,0x0000004033800000)]
  0x0000023ef95af000 JavaThread "Unconstrained build operations Thread 23" [_thread_blocked, id=15836, stack(0x0000004033800000,0x0000004033900000)]
  0x0000023ef95ac800 JavaThread "Unconstrained build operations Thread 24" [_thread_blocked, id=1344, stack(0x0000004033900000,0x0000004033a00000)]
  0x0000023ef95af800 JavaThread "Unconstrained build operations Thread 25" [_thread_blocked, id=16872, stack(0x0000004033a00000,0x0000004033b00000)]
  0x0000023ef95ad000 JavaThread "Unconstrained build operations Thread 26" [_thread_blocked, id=596, stack(0x0000004033b00000,0x0000004033c00000)]
  0x0000023ef95aa000 JavaThread "Unconstrained build operations Thread 27" [_thread_blocked, id=16496, stack(0x0000004033c00000,0x0000004033d00000)]
  0x0000023ef95b6000 JavaThread "Unconstrained build operations Thread 28" [_thread_blocked, id=5716, stack(0x0000004033d00000,0x0000004033e00000)]
  0x0000023ef95b3000 JavaThread "Unconstrained build operations Thread 29" [_thread_blocked, id=15712, stack(0x0000004033e00000,0x0000004033f00000)]
  0x0000023ef95b2000 JavaThread "Unconstrained build operations Thread 30" [_thread_blocked, id=16964, stack(0x0000004033f00000,0x0000004034000000)]
  0x0000023ef95b3800 JavaThread "Unconstrained build operations Thread 31" [_thread_blocked, id=9644, stack(0x0000004034000000,0x0000004034100000)]
  0x0000023ef95b0800 JavaThread "Unconstrained build operations Thread 32" [_thread_blocked, id=5068, stack(0x0000004034100000,0x0000004034200000)]
  0x0000023ef95b4800 JavaThread "Unconstrained build operations Thread 33" [_thread_blocked, id=5744, stack(0x0000004034200000,0x0000004034300000)]
  0x0000023ef95b7000 JavaThread "Unconstrained build operations Thread 34" [_thread_blocked, id=4448, stack(0x0000004034300000,0x0000004034400000)]
  0x0000023ef95b1000 JavaThread "Unconstrained build operations Thread 35" [_thread_blocked, id=4440, stack(0x0000004034400000,0x0000004034500000)]
  0x0000023ef95b5800 JavaThread "Unconstrained build operations Thread 36" [_thread_blocked, id=6184, stack(0x0000004034500000,0x0000004034600000)]
  0x0000023efd486800 JavaThread "Unconstrained build operations Thread 37" [_thread_blocked, id=16688, stack(0x0000004034600000,0x0000004034700000)]
  0x0000023efd481000 JavaThread "Unconstrained build operations Thread 38" [_thread_blocked, id=16592, stack(0x0000004034700000,0x0000004034800000)]
  0x0000023efd487800 JavaThread "Unconstrained build operations Thread 39" [_thread_blocked, id=5804, stack(0x0000004034800000,0x0000004034900000)]
  0x0000023efd483800 JavaThread "Unconstrained build operations Thread 40" [_thread_blocked, id=16864, stack(0x0000004034900000,0x0000004034a00000)]
  0x0000023efd482000 JavaThread "Unconstrained build operations Thread 41" [_thread_blocked, id=16912, stack(0x0000004034a00000,0x0000004034b00000)]
  0x0000023efd482800 JavaThread "Unconstrained build operations Thread 42" [_thread_blocked, id=9512, stack(0x0000004034b00000,0x0000004034c00000)]
  0x0000023efd489000 JavaThread "Unconstrained build operations Thread 43" [_thread_blocked, id=17192, stack(0x0000004034c00000,0x0000004034d00000)]
  0x0000023efd485000 JavaThread "Unconstrained build operations Thread 44" [_thread_blocked, id=4244, stack(0x0000004034d00000,0x0000004034e00000)]
  0x0000023efd486000 JavaThread "Unconstrained build operations Thread 45" [_thread_blocked, id=15340, stack(0x0000004034e00000,0x0000004034f00000)]
  0x0000023efd48a000 JavaThread "Unconstrained build operations Thread 46" [_thread_blocked, id=12484, stack(0x0000004034f00000,0x0000004035000000)]
  0x0000023efd488800 JavaThread "Unconstrained build operations Thread 47" [_thread_blocked, id=1564, stack(0x0000004035000000,0x0000004035100000)]
  0x0000023efd484800 JavaThread "Unconstrained build operations Thread 48" [_thread_blocked, id=15756, stack(0x0000004035100000,0x0000004035200000)]
  0x0000023efd48b000 JavaThread "Unconstrained build operations Thread 49" [_thread_blocked, id=17196, stack(0x0000004035300000,0x0000004035400000)]
  0x0000023efd48b800 JavaThread "Unconstrained build operations Thread 50" [_thread_blocked, id=2656, stack(0x0000004035400000,0x0000004035500000)]
  0x0000023efd48f800 JavaThread "Unconstrained build operations Thread 51" [_thread_blocked, id=3744, stack(0x0000004035600000,0x0000004035700000)]
  0x0000023efd48c800 JavaThread "Unconstrained build operations Thread 52" [_thread_blocked, id=16424, stack(0x0000004035700000,0x0000004035800000)]
  0x0000023efd48d800 JavaThread "Unconstrained build operations Thread 53" [_thread_blocked, id=11516, stack(0x0000004035800000,0x0000004035900000)]
  0x0000023efd48e000 JavaThread "Unconstrained build operations Thread 54" [_thread_blocked, id=14052, stack(0x0000004035900000,0x0000004035a00000)]
  0x0000023efd48f000 JavaThread "Unconstrained build operations Thread 55" [_thread_blocked, id=1856, stack(0x0000004035a00000,0x0000004035b00000)]
  0x0000023ef6afe800 JavaThread "Unconstrained build operations Thread 56" [_thread_blocked, id=15008, stack(0x0000004035b00000,0x0000004035c00000)]
  0x0000023ef6b03800 JavaThread "Unconstrained build operations Thread 57" [_thread_blocked, id=11860, stack(0x0000004035c00000,0x0000004035d00000)]
  0x0000023ef6aff800 JavaThread "Unconstrained build operations Thread 58" [_thread_blocked, id=1268, stack(0x0000004035d00000,0x0000004035e00000)]
  0x0000023ef6b00000 JavaThread "Unconstrained build operations Thread 59" [_thread_blocked, id=16436, stack(0x0000004035e00000,0x0000004035f00000)]
  0x0000023ef6b01000 JavaThread "Unconstrained build operations Thread 60" [_thread_blocked, id=16432, stack(0x0000004035f00000,0x0000004036000000)]
  0x0000023ef6b01800 JavaThread "Unconstrained build operations Thread 61" [_thread_blocked, id=17212, stack(0x0000004036000000,0x0000004036100000)]
  0x0000023ef6afd800 JavaThread "Unconstrained build operations Thread 62" [_thread_blocked, id=16452, stack(0x0000004036100000,0x0000004036200000)]
  0x0000023ef6b04000 JavaThread "Unconstrained build operations Thread 63" [_thread_blocked, id=9916, stack(0x0000004036200000,0x0000004036300000)]
  0x0000023ef6b05000 JavaThread "Unconstrained build operations Thread 64" [_thread_blocked, id=16888, stack(0x0000004036300000,0x0000004036400000)]
  0x0000023ef6b07800 JavaThread "Unconstrained build operations Thread 65" [_thread_blocked, id=16256, stack(0x0000004036400000,0x0000004036500000)]
  0x0000023ef6b02800 JavaThread "Unconstrained build operations Thread 66" [_thread_blocked, id=14068, stack(0x0000004036500000,0x0000004036600000)]
  0x0000023ef6b0a800 JavaThread "Unconstrained build operations Thread 67" [_thread_blocked, id=2580, stack(0x0000004036600000,0x0000004036700000)]
  0x0000023ef6b06800 JavaThread "Unconstrained build operations Thread 68" [_thread_blocked, id=8672, stack(0x0000004036700000,0x0000004036800000)]
  0x0000023ef6b08800 JavaThread "Unconstrained build operations Thread 69" [_thread_blocked, id=13048, stack(0x0000004036800000,0x0000004036900000)]
  0x0000023ef6b0b800 JavaThread "Unconstrained build operations Thread 70" [_thread_blocked, id=7116, stack(0x0000004036900000,0x0000004036a00000)]
  0x0000023ef6b06000 JavaThread "Unconstrained build operations Thread 71" [_thread_blocked, id=10672, stack(0x0000004036a00000,0x0000004036b00000)]
  0x0000023ef6b0c800 JavaThread "Unconstrained build operations Thread 72" [_thread_blocked, id=1568, stack(0x0000004036b00000,0x0000004036c00000)]
  0x0000023ef6b09000 JavaThread "Unconstrained build operations Thread 73" [_thread_blocked, id=3056, stack(0x0000004036c00000,0x0000004036d00000)]
  0x0000023ef6b0a000 JavaThread "Unconstrained build operations Thread 74" [_thread_blocked, id=2108, stack(0x0000004036d00000,0x0000004036e00000)]
  0x0000023ef6b0d000 JavaThread "Unconstrained build operations Thread 75" [_thread_blocked, id=396, stack(0x0000004036e00000,0x0000004036f00000)]
  0x0000023e80e51800 JavaThread "Unconstrained build operations Thread 76" [_thread_blocked, id=10920, stack(0x0000004036f00000,0x0000004037000000)]
  0x0000023e80e51000 JavaThread "Unconstrained build operations Thread 77" [_thread_blocked, id=16316, stack(0x0000004037000000,0x0000004037100000)]
  0x0000023e80e55000 JavaThread "Unconstrained build operations Thread 78" [_thread_blocked, id=16820, stack(0x0000004037200000,0x0000004037300000)]
  0x0000023e80e50000 JavaThread "Unconstrained build operations Thread 79" [_thread_blocked, id=2060, stack(0x0000004037300000,0x0000004037400000)]
  0x0000023e80e52800 JavaThread "Unconstrained build operations Thread 80" [_thread_blocked, id=17036, stack(0x0000004037400000,0x0000004037500000)]
  0x0000023e80e54000 JavaThread "build event listener" [_thread_blocked, id=13156, stack(0x0000004037500000,0x0000004037600000)]
  0x0000023e80e4f000 JavaThread "build event listener" [_thread_blocked, id=9528, stack(0x0000004037600000,0x0000004037700000)]
  0x0000023e80e55800 JavaThread "Execution worker for ':'" [_thread_blocked, id=10956, stack(0x0000004037700000,0x0000004037800000)]
  0x0000023e80e58000 JavaThread "Execution worker for ':' Thread 2" [_thread_blocked, id=17096, stack(0x0000004037800000,0x0000004037900000)]
  0x0000023e80e57800 JavaThread "Execution worker for ':' Thread 3" [_thread_blocked, id=16556, stack(0x0000004037900000,0x0000004037a00000)]
  0x0000023e80e56800 JavaThread "Execution worker for ':' Thread 4" [_thread_blocked, id=12876, stack(0x0000004037a00000,0x0000004037b00000)]
  0x0000023e80e59000 JavaThread "Execution worker for ':' Thread 5" [_thread_blocked, id=17312, stack(0x0000004037b00000,0x0000004037c00000)]
  0x0000023e80e53000 JavaThread "Execution worker for ':' Thread 6" [_thread_blocked, id=15444, stack(0x0000004037c00000,0x0000004037d00000)]
  0x0000023e80e59800 JavaThread "Execution worker for ':' Thread 7" [_thread_blocked, id=11956, stack(0x0000004037d00000,0x0000004037e00000)]
  0x0000023e80e5a800 JavaThread "Cache worker for execution history cache (C:\Users\HUONG\AndroidStudioProjects\BaiGK\.gradle\7.2\executionHistory)" [_thread_blocked, id=13876, stack(0x0000004037e00000,0x0000004037f00000)]
  0x0000023e80e5d000 JavaThread "WorkerExecutor Queue" [_thread_blocked, id=1632, stack(0x0000004037f00000,0x0000004038000000)]
  0x0000023e80e5b800 JavaThread "WorkerExecutor Queue Thread 2" [_thread_blocked, id=16576, stack(0x0000004038000000,0x0000004038100000)]
  0x0000023e80e5e000 JavaThread "WorkerExecutor Queue Thread 3" [_thread_blocked, id=9144, stack(0x0000004038100000,0x0000004038200000)]

Other Threads:
  0x0000023ef3e80000 VMThread "VM Thread" [stack: 0x000000402ef00000,0x000000402f000000] [id=16276]
  0x0000023ef4867800 WatcherThread [stack: 0x000000402f900000,0x000000402fa00000] [id=15680]
  0x0000023ed9a17000 GCTaskThread "GC Thread#0" [stack: 0x000000402ea00000,0x000000402eb00000] [id=14384]
  0x0000023ef5940800 GCTaskThread "GC Thread#1" [stack: 0x000000402fa00000,0x000000402fb00000] [id=16720]
  0x0000023ef51f1800 GCTaskThread "GC Thread#2" [stack: 0x000000402fb00000,0x000000402fc00000] [id=12256]
  0x0000023ef66e9800 GCTaskThread "GC Thread#3" [stack: 0x0000004030600000,0x0000004030700000] [id=12604]
  0x0000023ef66e0800 GCTaskThread "GC Thread#4" [stack: 0x0000004030700000,0x0000004030800000] [id=6056]
  0x0000023ef66d7800 GCTaskThread "GC Thread#5" [stack: 0x0000004030800000,0x0000004030900000] [id=16824]
  0x0000023ef66d8000 GCTaskThread "GC Thread#6" [stack: 0x0000004030900000,0x0000004030a00000] [id=15920]
  0x0000023ef66a6800 GCTaskThread "GC Thread#7" [stack: 0x0000004030a00000,0x0000004030b00000] [id=4536]
  0x0000023ed9a48800 ConcurrentGCThread "G1 Main Marker" [stack: 0x000000402eb00000,0x000000402ec00000] [id=10428]
  0x0000023ed9a4a000 ConcurrentGCThread "G1 Conc#0" [stack: 0x000000402ec00000,0x000000402ed00000] [id=16712]
  0x0000023ef6a75000 ConcurrentGCThread "G1 Conc#1" [stack: 0x0000004030d00000,0x0000004030e00000] [id=14160]
  0x0000023ef3cc0800 ConcurrentGCThread "G1 Refine#0" [stack: 0x000000402ed00000,0x000000402ee00000] [id=17364]
  0x0000023ef3cc1800 ConcurrentGCThread "G1 Young RemSet Sampling" [stack: 0x000000402ee00000,0x000000402ef00000] [id=12188]

Threads with active compile tasks:
C2 CompilerThread0  37609 14369       4       org.gradle.internal.snapshot.impl.DefaultValueSnapshotter::processValue (675 bytes)
C2 CompilerThread1  37610 14334   !   4       org.gradle.internal.instantiation.generator.DependencyInjectingInstantiator::doCreate (64 bytes)

VM state:at safepoint (normal execution)

VM Mutex/Monitor currently owned by a thread:  ([mutex/lock_event])
[0x0000023ed99fb960] Threads_lock - owner thread: 0x0000023ef3e80000
[0x0000023ed99fc770] Heap_lock - owner thread: 0x0000023ed9a48800

OutOfMemory and StackOverflow Exception counts:
OutOfMemoryError java_heap_errors=2
LinkageErrors=195

Heap address: 0x0000000080000000, size: 2048 MB, Compressed Oops mode: 32-bit
Narrow klass base: 0x0000000000000000, Narrow klass shift: 3
Compressed class space size: 1073741824 Address: 0x0000000100000000

Heap:
 garbage-first heap   total 225280K, used 185507K [0x0000000080000000, 0x0000000100000000)
  region size 1024K, 33 young (33792K), 5 survivors (5120K)
 Metaspace       used 115825K, capacity 118966K, committed 119040K, reserved 1153024K
  class space    used 14715K, capacity 15858K, committed 15872K, reserved 1048576K
Heap Regions: E=young(eden), S=young(survivor), O=old, HS=humongous(starts), HC=humongous(continues), CS=collection set, F=free, A=archive, TAMS=top-at-mark-start (previous, next)
|   0|0x0000000080000000, 0x0000000080100000, 0x0000000080100000|100%| O|  |TAMS 0x0000000080100000, 0x0000000080000000| Updating 
|   1|0x0000000080100000, 0x0000000080200000, 0x0000000080200000|100%| O|  |TAMS 0x0000000080200000, 0x0000000080100000| Updating 
|   2|0x0000000080200000, 0x0000000080300000, 0x0000000080300000|100%| O|  |TAMS 0x0000000080300000, 0x0000000080200000| Updating 
|   3|0x0000000080300000, 0x0000000080400000, 0x0000000080400000|100%|HS|  |TAMS 0x0000000080400000, 0x0000000080300000| Complete 
|   4|0x0000000080400000, 0x0000000080500000, 0x0000000080500000|100%|HC|  |TAMS 0x0000000080500000, 0x0000000080400000| Complete 
|   5|0x0000000080500000, 0x0000000080600000, 0x0000000080600000|100%|HC|  |TAMS 0x0000000080600000, 0x0000000080500000| Complete 
|   6|0x0000000080600000, 0x0000000080700000, 0x0000000080700000|100%| O|  |TAMS 0x0000000080700000, 0x0000000080600000| Updating 
|   7|0x0000000080700000, 0x0000000080800000, 0x0000000080800000|100%| O|  |TAMS 0x0000000080800000, 0x0000000080700000| Updating 
|   8|0x0000000080800000, 0x0000000080900000, 0x0000000080900000|100%| O|  |TAMS 0x0000000080900000, 0x0000000080800000| Updating 
|   9|0x0000000080900000, 0x0000000080a00000, 0x0000000080a00000|100%| O|  |TAMS 0x0000000080a00000, 0x0000000080900000| Updating 
|  10|0x0000000080a00000, 0x0000000080b00000, 0x0000000080b00000|100%| O|  |TAMS 0x0000000080b00000, 0x0000000080a00000| Updating 
|  11|0x0000000080b00000, 0x0000000080c00000, 0x0000000080c00000|100%| O|  |TAMS 0x0000000080c00000, 0x0000000080b00000| Updating 
|  12|0x0000000080c00000, 0x0000000080d00000, 0x0000000080d00000|100%| O|  |TAMS 0x0000000080d00000, 0x0000000080c00000| Updating 
|  13|0x0000000080d00000, 0x0000000080e00000, 0x0000000080e00000|100%| O|  |TAMS 0x0000000080e00000, 0x0000000080d00000| Updating 
|  14|0x0000000080e00000, 0x0000000080f00000, 0x0000000080f00000|100%| O|  |TAMS 0x0000000080f00000, 0x0000000080e00000| Updating 
|  15|0x0000000080f00000, 0x0000000081000000, 0x0000000081000000|100%| O|  |TAMS 0x0000000081000000, 0x0000000080f00000| Updating 
|  16|0x0000000081000000, 0x0000000081100000, 0x0000000081100000|100%| O|  |TAMS 0x0000000081100000, 0x0000000081000000| Updating 
|  17|0x0000000081100000, 0x0000000081200000, 0x0000000081200000|100%|HS|  |TAMS 0x0000000081200000, 0x0000000081100000| Complete 
|  18|0x0000000081200000, 0x0000000081300000, 0x0000000081300000|100%|HC|  |TAMS 0x0000000081300000, 0x0000000081200000| Complete 
|  19|0x0000000081300000, 0x0000000081400000, 0x0000000081400000|100%|HS|  |TAMS 0x0000000081400000, 0x0000000081300000| Complete 
|  20|0x0000000081400000, 0x0000000081500000, 0x0000000081500000|100%|HC|  |TAMS 0x0000000081500000, 0x0000000081400000| Complete 
|  21|0x0000000081500000, 0x0000000081600000, 0x0000000081600000|100%|HC|  |TAMS 0x0000000081600000, 0x0000000081500000| Complete 
|  22|0x0000000081600000, 0x0000000081700000, 0x0000000081700000|100%|HS|  |TAMS 0x0000000081700000, 0x0000000081600000| Complete 
|  23|0x0000000081700000, 0x0000000081800000, 0x0000000081800000|100%|HC|  |TAMS 0x0000000081800000, 0x0000000081700000| Complete 
|  24|0x0000000081800000, 0x0000000081900000, 0x0000000081900000|100%|HC|  |TAMS 0x0000000081900000, 0x0000000081800000| Complete 
|  25|0x0000000081900000, 0x0000000081a00000, 0x0000000081a00000|100%|HC|  |TAMS 0x0000000081a00000, 0x0000000081900000| Complete 
|  26|0x0000000081a00000, 0x0000000081b00000, 0x0000000081b00000|100%| O|  |TAMS 0x0000000081b00000, 0x0000000081a00000| Updating 
|  27|0x0000000081b00000, 0x0000000081b28c00, 0x0000000081c00000| 15%| O|  |TAMS 0x0000000081b28c00, 0x0000000081b00000| Updating 
|  28|0x0000000081c00000, 0x0000000081d00000, 0x0000000081d00000|100%| O|  |TAMS 0x0000000081d00000, 0x0000000081c00000| Updating 
|  29|0x0000000081d00000, 0x0000000081e00000, 0x0000000081e00000|100%| O|  |TAMS 0x0000000081e00000, 0x0000000081d00000| Updating 
|  30|0x0000000081e00000, 0x0000000081f00000, 0x0000000081f00000|100%| O|  |TAMS 0x0000000081f00000, 0x0000000081e00000| Updating 
|  31|0x0000000081f00000, 0x0000000082000000, 0x0000000082000000|100%| O|  |TAMS 0x0000000082000000, 0x0000000081f00000| Updating 
|  32|0x0000000082000000, 0x0000000082100000, 0x0000000082100000|100%| O|  |TAMS 0x0000000082100000, 0x0000000082000000| Updating 
|  33|0x0000000082100000, 0x0000000082200000, 0x0000000082200000|100%| O|  |TAMS 0x0000000082200000, 0x0000000082100000| Updating 
|  34|0x0000000082200000, 0x0000000082300000, 0x0000000082300000|100%|HS|  |TAMS 0x0000000082300000, 0x0000000082200000| Complete 
|  35|0x0000000082300000, 0x0000000082400000, 0x0000000082400000|100%|HC|  |TAMS 0x0000000082400000, 0x0000000082300000| Complete 
|  36|0x0000000082400000, 0x0000000082500000, 0x0000000082500000|100%|HC|  |TAMS 0x0000000082500000, 0x0000000082400000| Complete 
|  37|0x0000000082500000, 0x0000000082600000, 0x0000000082600000|100%| O|  |TAMS 0x0000000082600000, 0x0000000082500000| Updating 
|  38|0x0000000082600000, 0x0000000082700000, 0x0000000082700000|100%| O|  |TAMS 0x0000000082700000, 0x0000000082600000| Updating 
|  39|0x0000000082700000, 0x0000000082800000, 0x0000000082800000|100%| O|  |TAMS 0x0000000082800000, 0x0000000082700000| Updating 
|  40|0x0000000082800000, 0x0000000082900000, 0x0000000082900000|100%| O|  |TAMS 0x0000000082900000, 0x0000000082800000| Updating 
|  41|0x0000000082900000, 0x0000000082a00000, 0x0000000082a00000|100%| O|  |TAMS 0x0000000082a00000, 0x0000000082900000| Updating 
|  42|0x0000000082a00000, 0x0000000082b00000, 0x0000000082b00000|100%| O|  |TAMS 0x0000000082b00000, 0x0000000082a00000| Updating 
|  43|0x0000000082b00000, 0x0000000082c00000, 0x0000000082c00000|100%|HS|  |TAMS 0x0000000082c00000, 0x0000000082b00000| Complete 
|  44|0x0000000082c00000, 0x0000000082d00000, 0x0000000082d00000|100%|HC|  |TAMS 0x0000000082d00000, 0x0000000082c00000| Complete 
|  45|0x0000000082d00000, 0x0000000082e00000, 0x0000000082e00000|100%|HC|  |TAMS 0x0000000082e00000, 0x0000000082d00000| Complete 
|  46|0x0000000082e00000, 0x0000000082f00000, 0x0000000082f00000|100%|HC|  |TAMS 0x0000000082f00000, 0x0000000082e00000| Complete 
|  47|0x0000000082f00000, 0x0000000083000000, 0x0000000083000000|100%| O|  |TAMS 0x0000000083000000, 0x0000000082f00000| Updating 
|  48|0x0000000083000000, 0x0000000083100000, 0x0000000083100000|100%| O|  |TAMS 0x0000000083100000, 0x0000000083000000| Updating 
|  49|0x0000000083100000, 0x0000000083200000, 0x0000000083200000|100%| O|  |TAMS 0x0000000083200000, 0x0000000083100000| Updating 
|  50|0x0000000083200000, 0x0000000083300000, 0x0000000083300000|100%| O|  |TAMS 0x0000000083300000, 0x0000000083200000| Updating 
|  51|0x0000000083300000, 0x0000000083400000, 0x0000000083400000|100%| O|  |TAMS 0x0000000083400000, 0x0000000083300000| Updating 
|  52|0x0000000083400000, 0x0000000083500000, 0x0000000083500000|100%| O|  |TAMS 0x0000000083500000, 0x0000000083400000| Updating 
|  53|0x0000000083500000, 0x0000000083600000, 0x0000000083600000|100%| O|  |TAMS 0x0000000083600000, 0x0000000083500000| Updating 
|  54|0x0000000083600000, 0x0000000083700000, 0x0000000083700000|100%|HS|  |TAMS 0x0000000083700000, 0x0000000083600000| Complete 
|  55|0x0000000083700000, 0x0000000083800000, 0x0000000083800000|100%|HS|  |TAMS 0x0000000083800000, 0x0000000083700000| Complete 
|  56|0x0000000083800000, 0x0000000083900000, 0x0000000083900000|100%|HS|  |TAMS 0x0000000083900000, 0x0000000083800000| Complete 
|  57|0x0000000083900000, 0x0000000083a00000, 0x0000000083a00000|100%|HS|  |TAMS 0x0000000083a00000, 0x0000000083900000| Complete 
|  58|0x0000000083a00000, 0x0000000083b00000, 0x0000000083b00000|100%|HS|  |TAMS 0x0000000083b00000, 0x0000000083a00000| Complete 
|  59|0x0000000083b00000, 0x0000000083c00000, 0x0000000083c00000|100%|HC|  |TAMS 0x0000000083c00000, 0x0000000083b00000| Complete 
|  60|0x0000000083c00000, 0x0000000083d00000, 0x0000000083d00000|100%|HC|  |TAMS 0x0000000083d00000, 0x0000000083c00000| Complete 
|  61|0x0000000083d00000, 0x0000000083e00000, 0x0000000083e00000|100%|HS|  |TAMS 0x0000000083e00000, 0x0000000083d00000| Complete 
|  62|0x0000000083e00000, 0x0000000083f00000, 0x0000000083f00000|100%|HC|  |TAMS 0x0000000083f00000, 0x0000000083e00000| Complete 
|  63|0x0000000083f00000, 0x0000000084000000, 0x0000000084000000|100%| O|  |TAMS 0x0000000084000000, 0x0000000083f00000| Updating 
|  64|0x0000000084000000, 0x0000000084000000, 0x0000000084100000|  0%| F|  |TAMS 0x0000000084000000, 0x0000000084000000| Untracked 
|  65|0x0000000084100000, 0x0000000084200000, 0x0000000084200000|100%| O|  |TAMS 0x0000000084200000, 0x0000000084100000| Updating 
|  66|0x0000000084200000, 0x0000000084300000, 0x0000000084300000|100%| O|  |TAMS 0x0000000084300000, 0x0000000084200000| Updating 
|  67|0x0000000084300000, 0x0000000084400000, 0x0000000084400000|100%| O|  |TAMS 0x0000000084400000, 0x0000000084300000| Updating 
|  68|0x0000000084400000, 0x0000000084500000, 0x0000000084500000|100%| O|  |TAMS 0x0000000084500000, 0x0000000084400000| Updating 
|  69|0x0000000084500000, 0x0000000084600000, 0x0000000084600000|100%| O|  |TAMS 0x0000000084600000, 0x0000000084500000| Updating 
|  70|0x0000000084600000, 0x0000000084700000, 0x0000000084700000|100%| O|  |TAMS 0x0000000084700000, 0x0000000084600000| Updating 
|  71|0x0000000084700000, 0x0000000084800000, 0x0000000084800000|100%| O|  |TAMS 0x0000000084800000, 0x0000000084700000| Updating 
|  72|0x0000000084800000, 0x0000000084900000, 0x0000000084900000|100%| O|  |TAMS 0x0000000084900000, 0x0000000084800000| Updating 
|  73|0x0000000084900000, 0x0000000084a00000, 0x0000000084a00000|100%| O|  |TAMS 0x0000000084a00000, 0x0000000084900000| Updating 
|  74|0x0000000084a00000, 0x0000000084b00000, 0x0000000084b00000|100%| O|  |TAMS 0x0000000084b00000, 0x0000000084a00000| Updating 
|  75|0x0000000084b00000, 0x0000000084c00000, 0x0000000084c00000|100%| O|  |TAMS 0x0000000084c00000, 0x0000000084b00000| Updating 
|  76|0x0000000084c00000, 0x0000000084d00000, 0x0000000084d00000|100%| O|  |TAMS 0x0000000084d00000, 0x0000000084c00000| Updating 
|  77|0x0000000084d00000, 0x0000000084e00000, 0x0000000084e00000|100%| O|  |TAMS 0x0000000084e00000, 0x0000000084d00000| Updating 
|  78|0x0000000084e00000, 0x0000000084f00000, 0x0000000084f00000|100%| O|  |TAMS 0x0000000084f00000, 0x0000000084e00000| Updating 
|  79|0x0000000084f00000, 0x0000000085000000, 0x0000000085000000|100%| O|  |TAMS 0x0000000085000000, 0x0000000084f00000| Updating 
|  80|0x0000000085000000, 0x0000000085100000, 0x0000000085100000|100%|HS|  |TAMS 0x0000000085100000, 0x0000000085000000| Complete 
|  81|0x0000000085100000, 0x0000000085200000, 0x0000000085200000|100%|HC|  |TAMS 0x0000000085200000, 0x0000000085100000| Complete 
|  82|0x0000000085200000, 0x0000000085300000, 0x0000000085300000|100%| O|  |TAMS 0x0000000085300000, 0x0000000085200000| Updating 
|  83|0x0000000085300000, 0x0000000085400000, 0x0000000085400000|100%| O|  |TAMS 0x0000000085400000, 0x0000000085300000| Updating 
|  84|0x0000000085400000, 0x0000000085500000, 0x0000000085500000|100%| O|  |TAMS 0x0000000085500000, 0x0000000085400000| Updating 
|  85|0x0000000085500000, 0x0000000085600000, 0x0000000085600000|100%| O|  |TAMS 0x0000000085600000, 0x0000000085500000| Updating 
|  86|0x0000000085600000, 0x0000000085700000, 0x0000000085700000|100%|HS|  |TAMS 0x0000000085700000, 0x0000000085600000| Complete 
|  87|0x0000000085700000, 0x0000000085800000, 0x0000000085800000|100%|HC|  |TAMS 0x0000000085800000, 0x0000000085700000| Complete 
|  88|0x0000000085800000, 0x0000000085900000, 0x0000000085900000|100%|HC|  |TAMS 0x0000000085900000, 0x0000000085800000| Complete 
|  89|0x0000000085900000, 0x0000000085a00000, 0x0000000085a00000|100%|HS|  |TAMS 0x0000000085a00000, 0x0000000085900000| Complete 
|  90|0x0000000085a00000, 0x0000000085b00000, 0x0000000085b00000|100%|HC|  |TAMS 0x0000000085b00000, 0x0000000085a00000| Complete 
|  91|0x0000000085b00000, 0x0000000085c00000, 0x0000000085c00000|100%|HC|  |TAMS 0x0000000085c00000, 0x0000000085b00000| Complete 
|  92|0x0000000085c00000, 0x0000000085d00000, 0x0000000085d00000|100%|HC|  |TAMS 0x0000000085d00000, 0x0000000085c00000| Complete 
|  93|0x0000000085d00000, 0x0000000085e00000, 0x0000000085e00000|100%| O|  |TAMS 0x0000000085e00000, 0x0000000085d00000| Updating 
|  94|0x0000000085e00000, 0x0000000085f00000, 0x0000000085f00000|100%| O|  |TAMS 0x0000000085f00000, 0x0000000085e00000| Updating 
|  95|0x0000000085f00000, 0x0000000086000000, 0x0000000086000000|100%| O|  |TAMS 0x0000000086000000, 0x0000000085f00000| Updating 
|  96|0x0000000086000000, 0x0000000086100000, 0x0000000086100000|100%| O|  |TAMS 0x0000000086100000, 0x0000000086000000| Updating 
|  97|0x0000000086100000, 0x0000000086200000, 0x0000000086200000|100%| O|  |TAMS 0x0000000086200000, 0x0000000086100000| Updating 
|  98|0x0000000086200000, 0x0000000086300000, 0x0000000086300000|100%| O|  |TAMS 0x0000000086300000, 0x0000000086200000| Updating 
|  99|0x0000000086300000, 0x0000000086300000, 0x0000000086400000|  0%| F|  |TAMS 0x0000000086300000, 0x0000000086300000| Untracked 
| 100|0x0000000086400000, 0x0000000086500000, 0x0000000086500000|100%| O|  |TAMS 0x0000000086500000, 0x0000000086400000| Updating 
| 101|0x0000000086500000, 0x0000000086600000, 0x0000000086600000|100%| O|  |TAMS 0x0000000086600000, 0x0000000086500000| Updating 
| 102|0x0000000086600000, 0x0000000086600000, 0x0000000086700000|  0%| F|  |TAMS 0x0000000086600000, 0x0000000086600000| Untracked 
| 103|0x0000000086700000, 0x0000000086800000, 0x0000000086800000|100%| O|  |TAMS 0x0000000086800000, 0x0000000086700000| Updating 
| 104|0x0000000086800000, 0x0000000086900000, 0x0000000086900000|100%| O|  |TAMS 0x0000000086900000, 0x0000000086800000| Updating 
| 105|0x0000000086900000, 0x0000000086a00000, 0x0000000086a00000|100%| O|  |TAMS 0x0000000086a00000, 0x0000000086900000| Updating 
| 106|0x0000000086a00000, 0x0000000086b00000, 0x0000000086b00000|100%| O|  |TAMS 0x0000000086b00000, 0x0000000086a00000| Updating 
| 107|0x0000000086b00000, 0x0000000086b00000, 0x0000000086c00000|  0%| F|  |TAMS 0x0000000086b00000, 0x0000000086b00000| Untracked 
| 108|0x0000000086c00000, 0x0000000086d00000, 0x0000000086d00000|100%| O|  |TAMS 0x0000000086d00000, 0x0000000086c00000| Updating 
| 109|0x0000000086d00000, 0x0000000086e00000, 0x0000000086e00000|100%| O|  |TAMS 0x0000000086e00000, 0x0000000086d00000| Updating 
| 110|0x0000000086e00000, 0x0000000086f00000, 0x0000000086f00000|100%| O|  |TAMS 0x0000000086f00000, 0x0000000086e00000| Updating 
| 111|0x0000000086f00000, 0x0000000087000000, 0x0000000087000000|100%| O|  |TAMS 0x0000000087000000, 0x0000000086f00000| Updating 
| 112|0x0000000087000000, 0x0000000087100000, 0x0000000087100000|100%| O|  |TAMS 0x0000000087100000, 0x0000000087000000| Updating 
| 113|0x0000000087100000, 0x0000000087200000, 0x0000000087200000|100%| O|  |TAMS 0x0000000087200000, 0x0000000087100000| Updating 
| 114|0x0000000087200000, 0x0000000087300000, 0x0000000087300000|100%| O|  |TAMS 0x0000000087300000, 0x0000000087200000| Updating 
| 115|0x0000000087300000, 0x0000000087400000, 0x0000000087400000|100%| O|  |TAMS 0x0000000087400000, 0x0000000087300000| Updating 
| 116|0x0000000087400000, 0x0000000087400000, 0x0000000087500000|  0%| F|  |TAMS 0x0000000087400000, 0x0000000087400000| Untracked 
| 117|0x0000000087500000, 0x0000000087600000, 0x0000000087600000|100%| O|  |TAMS 0x0000000087600000, 0x0000000087500000| Updating 
| 118|0x0000000087600000, 0x0000000087700000, 0x0000000087700000|100%| O|  |TAMS 0x0000000087700000, 0x0000000087600000| Updating 
| 119|0x0000000087700000, 0x0000000087800000, 0x0000000087800000|100%| O|  |TAMS 0x0000000087800000, 0x0000000087700000| Updating 
| 120|0x0000000087800000, 0x0000000087900000, 0x0000000087900000|100%| O|  |TAMS 0x0000000087900000, 0x0000000087800000| Updating 
| 121|0x0000000087900000, 0x0000000087a00000, 0x0000000087a00000|100%| O|  |TAMS 0x0000000087a00000, 0x0000000087900000| Updating 
| 122|0x0000000087a00000, 0x0000000087b00000, 0x0000000087b00000|100%| O|  |TAMS 0x0000000087b00000, 0x0000000087a00000| Updating 
| 123|0x0000000087b00000, 0x0000000087c00000, 0x0000000087c00000|100%| O|  |TAMS 0x0000000087c00000, 0x0000000087b00000| Updating 
| 124|0x0000000087c00000, 0x0000000087d00000, 0x0000000087d00000|100%| O|  |TAMS 0x0000000087d00000, 0x0000000087c00000| Updating 
| 125|0x0000000087d00000, 0x0000000087e00000, 0x0000000087e00000|100%| O|  |TAMS 0x0000000087e00000, 0x0000000087d00000| Updating 
| 126|0x0000000087e00000, 0x0000000087f00000, 0x0000000087f00000|100%| O|  |TAMS 0x0000000087f00000, 0x0000000087e00000| Updating 
| 127|0x0000000087f00000, 0x0000000088000000, 0x0000000088000000|100%| O|  |TAMS 0x0000000088000000, 0x0000000087f00000| Updating 
| 128|0x0000000088000000, 0x0000000088100000, 0x0000000088100000|100%| O|  |TAMS 0x0000000088100000, 0x0000000088000000| Updating 
| 129|0x0000000088100000, 0x0000000088200000, 0x0000000088200000|100%| O|  |TAMS 0x0000000088200000, 0x0000000088100000| Updating 
| 130|0x0000000088200000, 0x0000000088300000, 0x0000000088300000|100%| O|  |TAMS 0x0000000088300000, 0x0000000088200000| Updating 
| 131|0x0000000088300000, 0x0000000088300000, 0x0000000088400000|  0%| F|  |TAMS 0x0000000088300000, 0x0000000088300000| Untracked 
| 132|0x0000000088400000, 0x0000000088500000, 0x0000000088500000|100%| O|  |TAMS 0x0000000088500000, 0x0000000088400000| Updating 
| 133|0x0000000088500000, 0x0000000088600000, 0x0000000088600000|100%| O|  |TAMS 0x0000000088600000, 0x0000000088500000| Updating 
| 134|0x0000000088600000, 0x0000000088600000, 0x0000000088700000|  0%| F|  |TAMS 0x0000000088600000, 0x0000000088600000| Untracked 
| 135|0x0000000088700000, 0x0000000088700000, 0x0000000088800000|  0%| F|  |TAMS 0x0000000088700000, 0x0000000088700000| Untracked 
| 136|0x0000000088800000, 0x0000000088800000, 0x0000000088900000|  0%| F|  |TAMS 0x0000000088800000, 0x0000000088800000| Untracked 
| 137|0x0000000088900000, 0x0000000088900000, 0x0000000088a00000|  0%| F|  |TAMS 0x0000000088900000, 0x0000000088900000| Untracked 
| 138|0x0000000088a00000, 0x0000000088a00000, 0x0000000088b00000|  0%| F|  |TAMS 0x0000000088a00000, 0x0000000088a00000| Untracked 
| 139|0x0000000088b00000, 0x0000000088b00000, 0x0000000088c00000|  0%| F|  |TAMS 0x0000000088b00000, 0x0000000088b00000| Untracked 
| 140|0x0000000088c00000, 0x0000000088c00000, 0x0000000088d00000|  0%| F|  |TAMS 0x0000000088c00000, 0x0000000088c00000| Untracked 
| 141|0x0000000088d00000, 0x0000000088d00000, 0x0000000088e00000|  0%| F|  |TAMS 0x0000000088d00000, 0x0000000088d00000| Untracked 
| 142|0x0000000088e00000, 0x0000000088e00000, 0x0000000088f00000|  0%| F|  |TAMS 0x0000000088e00000, 0x0000000088e00000| Untracked 
| 143|0x0000000088f00000, 0x0000000088f00000, 0x0000000089000000|  0%| F|  |TAMS 0x0000000088f00000, 0x0000000088f00000| Untracked 
| 144|0x0000000089000000, 0x0000000089000000, 0x0000000089100000|  0%| F|  |TAMS 0x0000000089000000, 0x0000000089000000| Untracked 
| 145|0x0000000089100000, 0x0000000089100000, 0x0000000089200000|  0%| F|  |TAMS 0x0000000089100000, 0x0000000089100000| Untracked 
| 146|0x0000000089200000, 0x0000000089200000, 0x0000000089300000|  0%| F|  |TAMS 0x0000000089200000, 0x0000000089200000| Untracked 
| 147|0x0000000089300000, 0x0000000089400000, 0x0000000089400000|100%| O|  |TAMS 0x0000000089400000, 0x0000000089300000| Updating 
| 148|0x0000000089400000, 0x0000000089500000, 0x0000000089500000|100%| O|  |TAMS 0x0000000089500000, 0x0000000089400000| Updating 
| 149|0x0000000089500000, 0x0000000089600000, 0x0000000089600000|100%| O|  |TAMS 0x0000000089600000, 0x0000000089500000| Updating 
| 150|0x0000000089600000, 0x0000000089700000, 0x0000000089700000|100%| O|  |TAMS 0x0000000089700000, 0x0000000089600000| Updating 
| 151|0x0000000089700000, 0x0000000089800000, 0x0000000089800000|100%| O|  |TAMS 0x0000000089800000, 0x0000000089700000| Updating 
| 152|0x0000000089800000, 0x0000000089900000, 0x0000000089900000|100%| O|  |TAMS 0x0000000089900000, 0x0000000089800000| Updating 
| 153|0x0000000089900000, 0x0000000089a00000, 0x0000000089a00000|100%| O|  |TAMS 0x0000000089a00000, 0x0000000089900000| Updating 
| 154|0x0000000089a00000, 0x0000000089b00000, 0x0000000089b00000|100%| O|  |TAMS 0x0000000089b00000, 0x0000000089a00000| Updating 
| 155|0x0000000089b00000, 0x0000000089b00000, 0x0000000089c00000|  0%| F|  |TAMS 0x0000000089b00000, 0x0000000089b00000| Untracked 
| 156|0x0000000089c00000, 0x0000000089c00000, 0x0000000089d00000|  0%| F|  |TAMS 0x0000000089c00000, 0x0000000089c00000| Untracked 
| 157|0x0000000089d00000, 0x0000000089d00000, 0x0000000089e00000|  0%| F|  |TAMS 0x0000000089d00000, 0x0000000089d00000| Untracked 
| 158|0x0000000089e00000, 0x0000000089e00000, 0x0000000089f00000|  0%| F|  |TAMS 0x0000000089e00000, 0x0000000089e00000| Untracked 
| 159|0x0000000089f00000, 0x0000000089f00000, 0x000000008a000000|  0%| F|  |TAMS 0x0000000089f00000, 0x0000000089f00000| Untracked 
| 160|0x000000008a000000, 0x000000008a000000, 0x000000008a100000|  0%| F|  |TAMS 0x000000008a000000, 0x000000008a000000| Untracked 
| 161|0x000000008a100000, 0x000000008a200000, 0x000000008a200000|100%| O|  |TAMS 0x000000008a200000, 0x000000008a100000| Updating 
| 162|0x000000008a200000, 0x000000008a200000, 0x000000008a300000|  0%| F|  |TAMS 0x000000008a200000, 0x000000008a200000| Untracked 
| 163|0x000000008a300000, 0x000000008a300000, 0x000000008a400000|  0%| F|  |TAMS 0x000000008a300000, 0x000000008a300000| Untracked 
| 164|0x000000008a400000, 0x000000008a400000, 0x000000008a500000|  0%| F|  |TAMS 0x000000008a400000, 0x000000008a400000| Untracked 
| 165|0x000000008a500000, 0x000000008a500000, 0x000000008a600000|  0%| F|  |TAMS 0x000000008a500000, 0x000000008a500000| Untracked 
| 166|0x000000008a600000, 0x000000008a600000, 0x000000008a700000|  0%| F|  |TAMS 0x000000008a600000, 0x000000008a600000| Untracked 
| 167|0x000000008a700000, 0x000000008a700000, 0x000000008a800000|  0%| F|  |TAMS 0x000000008a700000, 0x000000008a700000| Untracked 
| 168|0x000000008a800000, 0x000000008a800000, 0x000000008a900000|  0%| F|  |TAMS 0x000000008a800000, 0x000000008a800000| Untracked 
| 169|0x000000008a900000, 0x000000008aa00000, 0x000000008aa00000|100%| O|  |TAMS 0x000000008aa00000, 0x000000008a900000| Updating 
| 170|0x000000008aa00000, 0x000000008ab00000, 0x000000008ab00000|100%| O|  |TAMS 0x000000008ab00000, 0x000000008aa00000| Updating 
| 171|0x000000008ab00000, 0x000000008ac00000, 0x000000008ac00000|100%| O|  |TAMS 0x000000008ac00000, 0x000000008ab00000| Updating 
| 172|0x000000008ac00000, 0x000000008ad00000, 0x000000008ad00000|100%| O|  |TAMS 0x000000008ad00000, 0x000000008ac00000| Updating 
| 173|0x000000008ad00000, 0x000000008ae00000, 0x000000008ae00000|100%| O|  |TAMS 0x000000008ae00000, 0x000000008ad00000| Updating 
| 174|0x000000008ae00000, 0x000000008af00000, 0x000000008af00000|100%| O|  |TAMS 0x000000008af00000, 0x000000008ae00000| Updating 
| 175|0x000000008af00000, 0x000000008af00000, 0x000000008b000000|  0%| F|  |TAMS 0x000000008af00000, 0x000000008af00000| Untracked 
| 176|0x000000008b000000, 0x000000008b000000, 0x000000008b100000|  0%| F|  |TAMS 0x000000008b000000, 0x000000008b000000| Untracked 
| 177|0x000000008b100000, 0x000000008b100000, 0x000000008b200000|  0%| F|  |TAMS 0x000000008b100000, 0x000000008b100000| Untracked 
| 178|0x000000008b200000, 0x000000008b200000, 0x000000008b300000|  0%| F|  |TAMS 0x000000008b200000, 0x000000008b200000| Untracked 
| 179|0x000000008b300000, 0x000000008b300000, 0x000000008b400000|  0%| F|  |TAMS 0x000000008b300000, 0x000000008b300000| Untracked 
| 180|0x000000008b400000, 0x000000008b500000, 0x000000008b500000|100%| S|CS|TAMS 0x000000008b400000, 0x000000008b400000| Complete 
| 181|0x000000008b500000, 0x000000008b600000, 0x000000008b600000|100%| S|CS|TAMS 0x000000008b500000, 0x000000008b500000| Complete 
| 182|0x000000008b600000, 0x000000008b700000, 0x000000008b700000|100%| S|CS|TAMS 0x000000008b600000, 0x000000008b600000| Complete 
| 183|0x000000008b700000, 0x000000008b800000, 0x000000008b800000|100%| S|CS|TAMS 0x000000008b700000, 0x000000008b700000| Complete 
| 184|0x000000008b800000, 0x000000008b900000, 0x000000008b900000|100%| S|CS|TAMS 0x000000008b800000, 0x000000008b800000| Complete 
| 185|0x000000008b900000, 0x000000008b900000, 0x000000008ba00000|  0%| F|  |TAMS 0x000000008b900000, 0x000000008b900000| Untracked 
| 186|0x000000008ba00000, 0x000000008ba00000, 0x000000008bb00000|  0%| F|  |TAMS 0x000000008ba00000, 0x000000008ba00000| Untracked 
| 187|0x000000008bb00000, 0x000000008bb00000, 0x000000008bc00000|  0%| F|  |TAMS 0x000000008bb00000, 0x000000008bb00000| Untracked 
| 188|0x000000008bc00000, 0x000000008bc00000, 0x000000008bd00000|  0%| F|  |TAMS 0x000000008bc00000, 0x000000008bc00000| Untracked 
| 189|0x000000008bd00000, 0x000000008bd00000, 0x000000008be00000|  0%| F|  |TAMS 0x000000008bd00000, 0x000000008bd00000| Untracked 
| 190|0x000000008be00000, 0x000000008be00000, 0x000000008bf00000|  0%| F|  |TAMS 0x000000008be00000, 0x000000008be00000| Untracked 
| 191|0x000000008bf00000, 0x000000008bf00000, 0x000000008c000000|  0%| F|  |TAMS 0x000000008bf00000, 0x000000008bf00000| Untracked 
| 192|0x000000008c000000, 0x000000008c0502b8, 0x000000008c100000| 31%| E|  |TAMS 0x000000008c000000, 0x000000008c000000| Complete 
| 193|0x000000008c100000, 0x000000008c200000, 0x000000008c200000|100%| E|CS|TAMS 0x000000008c100000, 0x000000008c100000| Complete 
| 194|0x000000008c200000, 0x000000008c300000, 0x000000008c300000|100%| E|  |TAMS 0x000000008c200000, 0x000000008c200000| Complete 
| 195|0x000000008c300000, 0x000000008c400000, 0x000000008c400000|100%| E|CS|TAMS 0x000000008c300000, 0x000000008c300000| Complete 
| 196|0x000000008c400000, 0x000000008c500000, 0x000000008c500000|100%| E|CS|TAMS 0x000000008c400000, 0x000000008c400000| Complete 
| 197|0x000000008c500000, 0x000000008c600000, 0x000000008c600000|100%| E|CS|TAMS 0x000000008c500000, 0x000000008c500000| Complete 
| 198|0x000000008c600000, 0x000000008c700000, 0x000000008c700000|100%| E|CS|TAMS 0x000000008c600000, 0x000000008c600000| Complete 
| 199|0x000000008c700000, 0x000000008c800000, 0x000000008c800000|100%| E|CS|TAMS 0x000000008c700000, 0x000000008c700000| Complete 
| 200|0x000000008c800000, 0x000000008c900000, 0x000000008c900000|100%| E|CS|TAMS 0x000000008c800000, 0x000000008c800000| Complete 
| 201|0x000000008c900000, 0x000000008ca00000, 0x000000008ca00000|100%| E|CS|TAMS 0x000000008c900000, 0x000000008c900000| Complete 
| 202|0x000000008ca00000, 0x000000008cb00000, 0x000000008cb00000|100%| E|CS|TAMS 0x000000008ca00000, 0x000000008ca00000| Complete 
| 203|0x000000008cb00000, 0x000000008cc00000, 0x000000008cc00000|100%| E|CS|TAMS 0x000000008cb00000, 0x000000008cb00000| Complete 
| 204|0x000000008cc00000, 0x000000008cd00000, 0x000000008cd00000|100%| E|CS|TAMS 0x000000008cc00000, 0x000000008cc00000| Complete 
| 205|0x000000008cd00000, 0x000000008ce00000, 0x000000008ce00000|100%| E|CS|TAMS 0x000000008cd00000, 0x000000008cd00000| Complete 
| 206|0x000000008ce00000, 0x000000008cf00000, 0x000000008cf00000|100%| E|CS|TAMS 0x000000008ce00000, 0x000000008ce00000| Complete 
| 207|0x000000008cf00000, 0x000000008d000000, 0x000000008d000000|100%| E|CS|TAMS 0x000000008cf00000, 0x000000008cf00000| Complete 
| 208|0x000000008d000000, 0x000000008d100000, 0x000000008d100000|100%| E|CS|TAMS 0x000000008d000000, 0x000000008d000000| Complete 
| 209|0x000000008d100000, 0x000000008d200000, 0x000000008d200000|100%| E|CS|TAMS 0x000000008d100000, 0x000000008d100000| Complete 
| 210|0x000000008d200000, 0x000000008d300000, 0x000000008d300000|100%| E|CS|TAMS 0x000000008d200000, 0x000000008d200000| Complete 
| 211|0x000000008d300000, 0x000000008d400000, 0x000000008d400000|100%| E|CS|TAMS 0x000000008d300000, 0x000000008d300000| Complete 
| 212|0x000000008d400000, 0x000000008d500000, 0x000000008d500000|100%| E|CS|TAMS 0x000000008d400000, 0x000000008d400000| Complete 
| 213|0x000000008d500000, 0x000000008d600000, 0x000000008d600000|100%| E|CS|TAMS 0x000000008d500000, 0x000000008d500000| Complete 
| 214|0x000000008d600000, 0x000000008d700000, 0x000000008d700000|100%| E|CS|TAMS 0x000000008d600000, 0x000000008d600000| Complete 
| 215|0x000000008d700000, 0x000000008d800000, 0x000000008d800000|100%| E|CS|TAMS 0x000000008d700000, 0x000000008d700000| Complete 
| 216|0x000000008d800000, 0x000000008d900000, 0x000000008d900000|100%| E|CS|TAMS 0x000000008d800000, 0x000000008d800000| Complete 
| 217|0x000000008d900000, 0x000000008da00000, 0x000000008da00000|100%| E|CS|TAMS 0x000000008d900000, 0x000000008d900000| Complete 
| 218|0x000000008da00000, 0x000000008db00000, 0x000000008db00000|100%| E|CS|TAMS 0x000000008da00000, 0x000000008da00000| Complete 
| 219|0x000000008db00000, 0x000000008dc00000, 0x000000008dc00000|100%| E|CS|TAMS 0x000000008db00000, 0x000000008db00000| Complete 

Card table byte_map: [0x0000023eecc20000,0x0000023eed020000] _byte_map_base: 0x0000023eec820000

Marking Bits (Prev, Next): (CMBitMap*) 0x0000023ed9a3f928, (CMBitMap*) 0x0000023ed9a3f960
 Prev Bits: [0x0000023eed420000, 0x0000023eef420000)
 Next Bits: [0x0000023eef420000, 0x0000023ef1420000)

Polling page: 0x0000023ed7970000

Metaspace:

Usage:
  Non-class:    100.69 MB capacity,    98.75 MB ( 98%) used,     1.60 MB (  2%) free+waste,   342.44 KB ( <1%) overhead. 
      Class:     15.49 MB capacity,    14.37 MB ( 93%) used,   984.59 KB (  6%) free+waste,   155.38 KB ( <1%) overhead. 
       Both:    116.18 MB capacity,   113.13 MB ( 97%) used,     2.56 MB (  2%) free+waste,   497.81 KB ( <1%) overhead. 

Virtual space:
  Non-class space:      102.00 MB reserved,     100.75 MB ( 99%) committed 
      Class space:        1.00 GB reserved,      15.50 MB (  2%) committed 
             Both:        1.10 GB reserved,     116.25 MB ( 10%) committed 

Chunk freelists:
   Non-Class:  60.00 KB
       Class:  14.00 KB
        Both:  74.00 KB

MaxMetaspaceSize: 17179869184.00 GB
CompressedClassSpaceSize: 1.00 GB

CodeHeap 'non-profiled nmethods': size=120000Kb used=6503Kb max_used=6503Kb free=113496Kb
 bounds [0x0000023ee4fc0000, 0x0000023ee5620000, 0x0000023eec4f0000]
CodeHeap 'profiled nmethods': size=120000Kb used=29284Kb max_used=29284Kb free=90715Kb
 bounds [0x0000023edda90000, 0x0000023edf730000, 0x0000023ee4fc0000]
CodeHeap 'non-nmethods': size=5760Kb used=2372Kb max_used=2432Kb free=3387Kb
 bounds [0x0000023edd4f0000, 0x0000023edd760000, 0x0000023edda90000]
 total_blobs=15125 nmethods=14139 adapters=894
 compilation: enabled
              stopped_count=0, restarted_count=0
 full_count=0

Compilation events (20 events):
Event: 37.475 Thread 0x0000023ef46f2800 nmethod 14516 0x0000023edf708490 code [0x0000023edf708640, 0x0000023edf7087a8]
Event: 37.475 Thread 0x0000023ef46f2800 14517       2       com.android.tools.r8.ProgramResource$ByteResource::<init> (10 bytes)
Event: 37.475 Thread 0x0000023ef46f2800 nmethod 14517 0x0000023edf708890 code [0x0000023edf708a40, 0x0000023edf708b48]
Event: 37.475 Thread 0x0000023ef46f2800 14511   !   2       com.sun.proxy.$Proxy4::d2 (29 bytes)
Event: 37.476 Thread 0x0000023ef46f2800 nmethod 14511 0x0000023edf708c10 code [0x0000023edf708de0, 0x0000023edf709038]
Event: 37.476 Thread 0x0000023ef46f2800 14512   !   2       com.sun.proxy.$Proxy4::xi (32 bytes)
Event: 37.476 Thread 0x0000023ef46f2800 nmethod 14512 0x0000023edf709190 code [0x0000023edf709360, 0x0000023edf7095d8]
Event: 37.487 Thread 0x0000023ef46f2800 14519       2       com.android.tools.r8.ProgramResource$ByteResource::<init> (46 bytes)
Event: 37.488 Thread 0x0000023ef46f2800 nmethod 14519 0x0000023edf709790 code [0x0000023edf709940, 0x0000023edf709bb8]
Event: 37.488 Thread 0x0000023ef46f2800 14520       2       com.android.tools.r8.BaseCommand$Builder$$Lambda$1533/0x0000000100f71840::<init> (20 bytes)
Event: 37.488 Thread 0x0000023ef46f2800 nmethod 14520 0x0000023edf709c90 code [0x0000023edf709e40, 0x0000023edf70a058]
Event: 37.516 Thread 0x0000023ef46f2800 14522       1       com.android.tools.r8.ProgramResource$ByteResource::getKind (5 bytes)
Event: 37.516 Thread 0x0000023ef46f2800 nmethod 14522 0x0000023ee5617d90 code [0x0000023ee5617f40, 0x0000023ee5617ff8]
Event: 37.536 Thread 0x0000023ef46f2800 14523       2       kotlin.reflect.jvm.internal.impl.resolve.DescriptorUtils::getContainingModuleOrNull (54 bytes)
Event: 37.538 Thread 0x0000023ef46f2800 nmethod 14523 0x0000023edf70a110 code [0x0000023edf70a300, 0x0000023edf70a658]
Event: 37.538 Thread 0x0000023ef46f2800 14524       2       java.util.ArrayList::trimToSize (51 bytes)
Event: 37.538 Thread 0x0000023ef46f2800 nmethod 14524 0x0000023edf70a790 code [0x0000023edf70a940, 0x0000023edf70ab08]
Event: 37.540 Thread 0x0000023ef46f2800 14525       2       kotlin.reflect.jvm.internal.impl.descriptors.runtime.components.ReflectKotlinClass::getClassId (8 bytes)
Event: 37.541 Thread 0x0000023ef46f2800 nmethod 14525 0x0000023edf70ac10 code [0x0000023edf70adc0, 0x0000023edf70aec8]
Event: 37.541 Thread 0x0000023ef46f2800 14526   !   2       kotlin.reflect.jvm.internal.impl.metadata.ProtoBuf$Constructor::<init> (520 bytes)

GC Heap History (20 events):
Event: 17.555 GC heap before
{Heap before GC invocations=35 (full 0):
 garbage-first heap   total 225280K, used 180256K [0x0000000080000000, 0x0000000100000000)
  region size 1024K, 63 young (64512K), 4 survivors (4096K)
 Metaspace       used 102248K, capacity 104784K, committed 105216K, reserved 1140736K
  class space    used 13151K, capacity 14097K, committed 14336K, reserved 1048576K
}
Event: 17.564 GC heap after
{Heap after GC invocations=36 (full 0):
 garbage-first heap   total 225280K, used 124286K [0x0000000080000000, 0x0000000100000000)
  region size 1024K, 8 young (8192K), 8 survivors (8192K)
 Metaspace       used 102248K, capacity 104784K, committed 105216K, reserved 1140736K
  class space    used 13151K, capacity 14097K, committed 14336K, reserved 1048576K
}
Event: 32.187 GC heap before
{Heap before GC invocations=36 (full 0):
 garbage-first heap   total 225280K, used 181630K [0x0000000080000000, 0x0000000100000000)
  region size 1024K, 65 young (66560K), 8 survivors (8192K)
 Metaspace       used 104954K, capacity 107786K, committed 107904K, reserved 1142784K
  class space    used 13457K, capacity 14462K, committed 14464K, reserved 1048576K
}
Event: 32.208 GC heap after
{Heap after GC invocations=37 (full 0):
 garbage-first heap   total 225280K, used 129228K [0x0000000080000000, 0x0000000100000000)
  region size 1024K, 9 young (9216K), 9 survivors (9216K)
 Metaspace       used 104954K, capacity 107786K, committed 107904K, reserved 1142784K
  class space    used 13457K, capacity 14462K, committed 14464K, reserved 1048576K
}
Event: 33.401 GC heap before
{Heap before GC invocations=38 (full 0):
 garbage-first heap   total 225280K, used 183500K [0x0000000080000000, 0x0000000100000000)
  region size 1024K, 63 young (64512K), 9 survivors (9216K)
 Metaspace       used 107031K, capacity 109932K, committed 110080K, reserved 1144832K
  class space    used 13743K, capacity 14787K, committed 14848K, reserved 1048576K
}
Event: 33.415 GC heap after
{Heap after GC invocations=39 (full 0):
 garbage-first heap   total 225280K, used 135246K [0x0000000080000000, 0x0000000100000000)
  region size 1024K, 6 young (6144K), 6 survivors (6144K)
 Metaspace       used 107031K, capacity 109932K, committed 110080K, reserved 1144832K
  class space    used 13743K, capacity 14787K, committed 14848K, reserved 1048576K
}
Event: 33.667 GC heap before
{Heap before GC invocations=39 (full 0):
 garbage-first heap   total 225280K, used 148558K [0x0000000080000000, 0x0000000100000000)
  region size 1024K, 21 young (21504K), 6 survivors (6144K)
 Metaspace       used 108016K, capacity 110967K, committed 111232K, reserved 1144832K
  class space    used 13831K, capacity 14874K, committed 14976K, reserved 1048576K
}
Event: 33.684 GC heap after
{Heap after GC invocations=40 (full 0):
 garbage-first heap   total 225280K, used 136553K [0x0000000080000000, 0x0000000100000000)
  region size 1024K, 2 young (2048K), 2 survivors (2048K)
 Metaspace       used 108016K, capacity 110967K, committed 111232K, reserved 1144832K
  class space    used 13831K, capacity 14874K, committed 14976K, reserved 1048576K
}
Event: 35.041 GC heap before
{Heap before GC invocations=41 (full 0):
 garbage-first heap   total 225280K, used 187753K [0x0000000080000000, 0x0000000100000000)
  region size 1024K, 51 young (52224K), 2 survivors (2048K)
 Metaspace       used 111195K, capacity 114091K, committed 114176K, reserved 1148928K
  class space    used 14216K, capacity 15277K, committed 15360K, reserved 1048576K
}
Event: 35.059 GC heap after
{Heap after GC invocations=42 (full 0):
 garbage-first heap   total 225280K, used 155478K [0x0000000080000000, 0x0000000100000000)
  region size 1024K, 7 young (7168K), 7 survivors (7168K)
 Metaspace       used 111195K, capacity 114091K, committed 114176K, reserved 1148928K
  class space    used 14216K, capacity 15277K, committed 15360K, reserved 1048576K
}
Event: 35.205 GC heap before
{Heap before GC invocations=42 (full 0):
 garbage-first heap   total 225280K, used 173910K [0x0000000080000000, 0x0000000100000000)
  region size 1024K, 11 young (11264K), 7 survivors (7168K)
 Metaspace       used 111387K, capacity 114315K, committed 114432K, reserved 1148928K
  class space    used 14231K, capacity 15309K, committed 15360K, reserved 1048576K
}
Event: 35.218 GC heap after
{Heap after GC invocations=43 (full 0):
 garbage-first heap   total 225280K, used 156459K [0x0000000080000000, 0x0000000100000000)
  region size 1024K, 1 young (1024K), 1 survivors (1024K)
 Metaspace       used 111387K, capacity 114315K, committed 114432K, reserved 1148928K
  class space    used 14231K, capacity 15309K, committed 15360K, reserved 1048576K
}
Event: 35.801 GC heap before
{Heap before GC invocations=43 (full 0):
 garbage-first heap   total 225280K, used 187179K [0x0000000080000000, 0x0000000100000000)
  region size 1024K, 32 young (32768K), 1 survivors (1024K)
 Metaspace       used 114382K, capacity 117432K, committed 117632K, reserved 1150976K
  class space    used 14563K, capacity 15671K, committed 15744K, reserved 1048576K
}
Event: 35.815 GC heap after
{Heap after GC invocations=44 (full 0):
 garbage-first heap   total 225280K, used 157521K [0x0000000080000000, 0x0000000100000000)
  region size 1024K, 3 young (3072K), 3 survivors (3072K)
 Metaspace       used 114382K, capacity 117432K, committed 117632K, reserved 1150976K
  class space    used 14563K, capacity 15671K, committed 15744K, reserved 1048576K
}
Event: 36.547 GC heap before
{Heap before GC invocations=45 (full 0):
 garbage-first heap   total 225280K, used 188241K [0x0000000080000000, 0x0000000100000000)
  region size 1024K, 34 young (34816K), 3 survivors (3072K)
 Metaspace       used 114659K, capacity 117660K, committed 117888K, reserved 1150976K
  class space    used 14587K, capacity 15712K, committed 15744K, reserved 1048576K
}
Event: 36.559 GC heap after
{Heap after GC invocations=46 (full 0):
 garbage-first heap   total 225280K, used 159302K [0x0000000080000000, 0x0000000100000000)
  region size 1024K, 4 young (4096K), 4 survivors (4096K)
 Metaspace       used 114659K, capacity 117660K, committed 117888K, reserved 1150976K
  class space    used 14587K, capacity 15712K, committed 15744K, reserved 1048576K
}
Event: 36.715 GC heap before
{Heap before GC invocations=46 (full 0):
 garbage-first heap   total 225280K, used 165446K [0x0000000080000000, 0x0000000100000000)
  region size 1024K, 11 young (11264K), 4 survivors (4096K)
 Metaspace       used 114903K, capacity 117935K, committed 118272K, reserved 1150976K
  class space    used 14608K, capacity 15754K, committed 15872K, reserved 1048576K
}
Event: 36.735 GC heap after
{Heap after GC invocations=47 (full 0):
 garbage-first heap   total 225280K, used 154116K [0x0000000080000000, 0x0000000100000000)
  region size 1024K, 1 young (1024K), 1 survivors (1024K)
 Metaspace       used 114903K, capacity 117935K, committed 118272K, reserved 1150976K
  class space    used 14608K, capacity 15754K, committed 15872K, reserved 1048576K
}
Event: 37.347 GC heap before
{Heap before GC invocations=47 (full 0):
 garbage-first heap   total 225280K, used 187908K [0x0000000080000000, 0x0000000100000000)
  region size 1024K, 35 young (35840K), 1 survivors (1024K)
 Metaspace       used 115552K, capacity 118656K, committed 118784K, reserved 1153024K
  class space    used 14688K, capacity 15820K, committed 15872K, reserved 1048576K
}
Event: 37.366 GC heap after
{Heap after GC invocations=48 (full 0):
 garbage-first heap   total 225280K, used 158883K [0x0000000080000000, 0x0000000100000000)
  region size 1024K, 5 young (5120K), 5 survivors (5120K)
 Metaspace       used 115552K, capacity 118656K, committed 118784K, reserved 1153024K
  class space    used 14688K, capacity 15820K, committed 15872K, reserved 1048576K
}

Deoptimization events (20 events):
Event: 37.213 Thread 0x0000023ef95ae000 Uncommon trap: trap_request=0xffffffc6 fr.pc=0x0000023ee51a2d30 relative=0x0000000000001190
Event: 37.213 Thread 0x0000023ef95ae000 Uncommon trap: reason=bimorphic_or_optimized_type_check action=maybe_recompile pc=0x0000023ee51a2d30 method=java.util.zip.ZipFile.getZipEntry(Ljava/lang/String;[BILjava/util/function/Function;)Ljava/util/zip/ZipEntry; @ 108 c2
Event: 37.213 Thread 0x0000023ef95ae000 DEOPT PACKING pc=0x0000023ee51a2d30 sp=0x00000040333fafc0
Event: 37.213 Thread 0x0000023ef95ae000 DEOPT UNPACKING pc=0x0000023edd4f83af sp=0x00000040333faf78 mode 2
Event: 37.213 Thread 0x0000023e80e55000 Uncommon trap: trap_request=0xffffffc6 fr.pc=0x0000023ee51a2d30 relative=0x0000000000001190
Event: 37.213 Thread 0x0000023e80e55000 Uncommon trap: reason=bimorphic_or_optimized_type_check action=maybe_recompile pc=0x0000023ee51a2d30 method=java.util.zip.ZipFile.getZipEntry(Ljava/lang/String;[BILjava/util/function/Function;)Ljava/util/zip/ZipEntry; @ 108 c2
Event: 37.213 Thread 0x0000023e80e55000 DEOPT PACKING pc=0x0000023ee51a2d30 sp=0x00000040372fb000
Event: 37.213 Thread 0x0000023e80e55000 DEOPT UNPACKING pc=0x0000023edd4f83af sp=0x00000040372fafb8 mode 2
Event: 37.214 Thread 0x0000023ef7501800 Uncommon trap: trap_request=0xffffffc6 fr.pc=0x0000023ee51a2d30 relative=0x0000000000001190
Event: 37.214 Thread 0x0000023ef7501800 Uncommon trap: reason=bimorphic_or_optimized_type_check action=maybe_recompile pc=0x0000023ee51a2d30 method=java.util.zip.ZipFile.getZipEntry(Ljava/lang/String;[BILjava/util/function/Function;)Ljava/util/zip/ZipEntry; @ 108 c2
Event: 37.214 Thread 0x0000023ef7501800 DEOPT PACKING pc=0x0000023ee51a2d30 sp=0x0000004032cfad20
Event: 37.214 Thread 0x0000023ef7501800 DEOPT UNPACKING pc=0x0000023edd4f83af sp=0x0000004032cfacd8 mode 2
Event: 37.214 Thread 0x0000023ef95b1000 Uncommon trap: trap_request=0xffffff4d fr.pc=0x0000023ee51a6780 relative=0x0000000000000060
Event: 37.214 Thread 0x0000023ef95b1000 Uncommon trap: reason=unstable_if action=reinterpret pc=0x0000023ee51a6780 method=java.util.zip.ZipFile$ZipEntryIterator.hasNext()Z @ 8 c2
Event: 37.214 Thread 0x0000023ef95b1000 DEOPT PACKING pc=0x0000023ee51a6780 sp=0x00000040344fade0
Event: 37.214 Thread 0x0000023ef95b1000 DEOPT UNPACKING pc=0x0000023edd4f83af sp=0x00000040344fad18 mode 2
Event: 37.438 Thread 0x0000023ef7501800 DEOPT PACKING pc=0x0000023ede6fbc3e sp=0x0000004032cf9ef0
Event: 37.439 Thread 0x0000023ef7501800 DEOPT UNPACKING pc=0x0000023edd517c0e sp=0x0000004032cf9368 mode 0
Event: 37.448 Thread 0x0000023efd48d800 DEOPT PACKING pc=0x0000023ede6fbc3e sp=0x00000040358fa360
Event: 37.448 Thread 0x0000023efd48d800 DEOPT UNPACKING pc=0x0000023edd517c0e sp=0x00000040358f97d8 mode 0

Classes redefined (0 events):
No events

Internal exceptions (20 events):
Event: 36.328 Thread 0x0000023e80e59800 Exception <a 'java/lang/NoSuchMethodError'{0x000000008ca58778}: <clinit>> (0x000000008ca58778) thrown at [./src/hotspot/share/prims/jni.cpp, line 1362]
Event: 36.329 Thread 0x0000023e80e59800 Exception <a 'java/lang/NoSuchMethodError'{0x000000008ca59d68}: <clinit>> (0x000000008ca59d68) thrown at [./src/hotspot/share/prims/jni.cpp, line 1362]
Event: 36.329 Thread 0x0000023e80e59800 Exception <a 'java/lang/NoSuchMethodError'{0x000000008ca5bf08}: <clinit>> (0x000000008ca5bf08) thrown at [./src/hotspot/share/prims/jni.cpp, line 1362]
Event: 36.336 Thread 0x0000023e80e59800 Exception <a 'java/lang/NoSuchMethodError'{0x000000008ca73800}: <clinit>> (0x000000008ca73800) thrown at [./src/hotspot/share/prims/jni.cpp, line 1362]
Event: 36.336 Thread 0x0000023e80e59800 Exception <a 'java/lang/NoSuchMethodError'{0x000000008ca74a38}: <clinit>> (0x000000008ca74a38) thrown at [./src/hotspot/share/prims/jni.cpp, line 1362]
Event: 36.655 Thread 0x0000023e80e59800 Exception <a 'sun/nio/fs/WindowsException'{0x000000008d724330}> (0x000000008d724330) thrown at [./src/hotspot/share/prims/jni.cpp, line 615]
Event: 36.656 Thread 0x0000023e80e59800 Exception <a 'sun/nio/fs/WindowsException'{0x000000008d7251e8}> (0x000000008d7251e8) thrown at [./src/hotspot/share/prims/jni.cpp, line 615]
Event: 36.657 Thread 0x0000023e80e59800 Exception <a 'sun/nio/fs/WindowsException'{0x000000008d725820}> (0x000000008d725820) thrown at [./src/hotspot/share/prims/jni.cpp, line 615]
Event: 36.658 Thread 0x0000023e80e59800 Exception <a 'sun/nio/fs/WindowsException'{0x000000008d7266b8}> (0x000000008d7266b8) thrown at [./src/hotspot/share/prims/jni.cpp, line 615]
Event: 36.658 Thread 0x0000023e80e59800 Exception <a 'sun/nio/fs/WindowsException'{0x000000008d7269f8}> (0x000000008d7269f8) thrown at [./src/hotspot/share/prims/jni.cpp, line 615]
Event: 36.658 Thread 0x0000023e80e59800 Exception <a 'sun/nio/fs/WindowsException'{0x000000008d7278a8}> (0x000000008d7278a8) thrown at [./src/hotspot/share/prims/jni.cpp, line 615]
Event: 36.659 Thread 0x0000023e80e59800 Exception <a 'sun/nio/fs/WindowsException'{0x000000008d727dc8}> (0x000000008d727dc8) thrown at [./src/hotspot/share/prims/jni.cpp, line 615]
Event: 36.659 Thread 0x0000023e80e59800 Exception <a 'sun/nio/fs/WindowsException'{0x000000008d728c48}> (0x000000008d728c48) thrown at [./src/hotspot/share/prims/jni.cpp, line 615]
Event: 36.679 Thread 0x0000023e80e59800 Exception <a 'java/lang/NoSuchMethodError'{0x000000008d61a7c0}: <clinit>> (0x000000008d61a7c0) thrown at [./src/hotspot/share/prims/jni.cpp, line 1362]
Event: 36.686 Thread 0x0000023e80e59800 Exception <a 'java/lang/NoSuchMethodError'{0x000000008d65cc30}: <clinit>> (0x000000008d65cc30) thrown at [./src/hotspot/share/prims/jni.cpp, line 1362]
Event: 36.688 Thread 0x0000023e80e59800 Exception <a 'java/lang/NoSuchMethodError'{0x000000008d670b28}: <clinit>> (0x000000008d670b28) thrown at [./src/hotspot/share/prims/jni.cpp, line 1362]
Event: 37.342 Thread 0x0000023ef95ae000 Exception <a 'sun/nio/fs/WindowsException'{0x000000008b9622a0}> (0x000000008b9622a0) thrown at [./src/hotspot/share/prims/jni.cpp, line 615]
Event: 37.376 Thread 0x0000023efd48d800 Exception <a 'sun/nio/fs/WindowsException'{0x000000008db373b8}> (0x000000008db373b8) thrown at [./src/hotspot/share/prims/jni.cpp, line 615]
Event: 37.386 Thread 0x0000023ef7501800 Exception <a 'sun/nio/fs/WindowsException'{0x000000008da1a018}> (0x000000008da1a018) thrown at [./src/hotspot/share/prims/jni.cpp, line 615]
Event: 37.404 Thread 0x0000023ef95b1000 Exception <a 'sun/nio/fs/WindowsException'{0x000000008d9b7f00}> (0x000000008d9b7f00) thrown at [./src/hotspot/share/prims/jni.cpp, line 615]

Events (20 events):
Event: 37.509 loading class com/android/tools/r8/utils/j
Event: 37.509 loading class com/android/tools/r8/utils/j done
Event: 37.513 loading class com/google/common/util/concurrent/FluentFuture
Event: 37.513 loading class com/google/common/util/concurrent/FluentFuture done
Event: 37.515 loading class com/google/common/util/concurrent/GwtFluentFutureCatchingSpecialization
Event: 37.515 loading class com/google/common/util/concurrent/GwtFluentFutureCatchingSpecialization done
Event: 37.515 loading class com/android/tools/r8/utils/j
Event: 37.515 loading class com/android/tools/r8/utils/j done
Event: 37.516 loading class com/google/common/util/concurrent/ForwardingFluentFuture
Event: 37.516 loading class com/google/common/util/concurrent/ForwardingFluentFuture done
Event: 37.518 loading class com/google/common/util/concurrent/InterruptibleTask
Event: 37.518 loading class com/google/common/util/concurrent/InterruptibleTask done
Event: 37.519 Executing VM operation: Deoptimize
Event: 37.535 Executing VM operation: Deoptimize done
Event: 37.537 loading class com/google/common/util/concurrent/TrustedListenableFutureTask$TrustedFutureInterruptibleTask
Event: 37.537 loading class com/google/common/util/concurrent/TrustedListenableFutureTask$TrustedFutureInterruptibleTask done
Event: 37.544 loading class com/android/build/gradle/internal/scope/InternalArtifactType$MICRO_APK_MANIFEST_FILE
Event: 37.544 loading class com/android/build/gradle/internal/scope/InternalArtifactType$MICRO_APK_MANIFEST_FILE done
Event: 37.546 loading class com/google/common/util/concurrent/TrustedListenableFutureTask$TrustedFutureInterruptibleAsyncTask
Event: 37.546 loading class com/google/common/util/concurrent/TrustedListenableFutureTask$TrustedFutureInterruptibleAsyncTask done


Dynamic libraries:
0x00007ff6324d0000 - 0x00007ff6324da000 	C:\Program Files\Android\Android Studio\jre\bin\java.exe
0x00007ff893900000 - 0x00007ff893b09000 	C:\WINDOWS\SYSTEM32\ntdll.dll
0x00007ff891e60000 - 0x00007ff891f1d000 	C:\WINDOWS\System32\KERNEL32.DLL
0x00007ff8911c0000 - 0x00007ff891534000 	C:\WINDOWS\System32\KERNELBASE.dll
0x00007ff88dc20000 - 0x00007ff88dcb1000 	C:\WINDOWS\SYSTEM32\apphelp.dll
0x00007ff890fd0000 - 0x00007ff8910e1000 	C:\WINDOWS\System32\ucrtbase.dll
0x00007ff87ccd0000 - 0x00007ff87cce7000 	C:\Program Files\Android\Android Studio\jre\bin\VCRUNTIME140.dll
0x00007ff87c940000 - 0x00007ff87c959000 	C:\Program Files\Android\Android Studio\jre\bin\jli.dll
0x00007ff891810000 - 0x00007ff8919bc000 	C:\WINDOWS\System32\USER32.dll
0x00007ff877ea0000 - 0x00007ff878145000 	C:\WINDOWS\WinSxS\amd64_microsoft.windows.common-controls_6595b64144ccf1df_6.0.22000.120_none_9d947278b86cc467\COMCTL32.dll
0x00007ff891190000 - 0x00007ff8911b6000 	C:\WINDOWS\System32\win32u.dll
0x00007ff891fa0000 - 0x00007ff892043000 	C:\WINDOWS\System32\msvcrt.dll
0x00007ff892210000 - 0x00007ff892239000 	C:\WINDOWS\System32\GDI32.dll
0x00007ff891540000 - 0x00007ff891652000 	C:\WINDOWS\System32\gdi32full.dll
0x00007ff8910f0000 - 0x00007ff89118d000 	C:\WINDOWS\System32\msvcp_win.dll
0x00007ff892640000 - 0x00007ff892671000 	C:\WINDOWS\System32\IMM32.DLL
0x00007ff828300000 - 0x00007ff82839d000 	C:\Program Files\Android\Android Studio\jre\bin\msvcp140.dll
0x00007ff816590000 - 0x00007ff817065000 	C:\Program Files\Android\Android Studio\jre\bin\server\jvm.dll
0x00007ff8937f0000 - 0x00007ff89389e000 	C:\WINDOWS\System32\ADVAPI32.dll
0x00007ff893750000 - 0x00007ff8937ee000 	C:\WINDOWS\System32\sechost.dll
0x00007ff891c20000 - 0x00007ff891d40000 	C:\WINDOWS\System32\RPCRT4.dll
0x00007ff8919c0000 - 0x00007ff8919c8000 	C:\WINDOWS\System32\PSAPI.DLL
0x00007ff870530000 - 0x00007ff870539000 	C:\WINDOWS\SYSTEM32\WSOCK32.dll
0x00007ff88eb00000 - 0x00007ff88eb33000 	C:\WINDOWS\SYSTEM32\WINMM.dll
0x00007ff88b0d0000 - 0x00007ff88b0da000 	C:\WINDOWS\SYSTEM32\VERSION.dll
0x00007ff892de0000 - 0x00007ff892e4f000 	C:\WINDOWS\System32\WS2_32.dll
0x00007ff88ffa0000 - 0x00007ff88ffb8000 	C:\WINDOWS\SYSTEM32\kernel.appcore.dll
0x00007ff88c200000 - 0x00007ff88c211000 	C:\Program Files\Android\Android Studio\jre\bin\verify.dll
0x00007ff88e8d0000 - 0x00007ff88eaf1000 	C:\WINDOWS\SYSTEM32\DBGHELP.DLL
0x00007ff88e890000 - 0x00007ff88e8c1000 	C:\WINDOWS\SYSTEM32\dbgcore.DLL
0x00007ff891660000 - 0x00007ff8916df000 	C:\WINDOWS\System32\bcryptPrimitives.dll
0x00007ff875240000 - 0x00007ff875269000 	C:\Program Files\Android\Android Studio\jre\bin\java.dll
0x00007ff88c790000 - 0x00007ff88c79b000 	C:\Program Files\Android\Android Studio\jre\bin\jimage.dll
0x00007ff88c1e0000 - 0x00007ff88c1f8000 	C:\Program Files\Android\Android Studio\jre\bin\zip.dll
0x00007ff892ec0000 - 0x00007ff89366e000 	C:\WINDOWS\System32\SHELL32.dll
0x00007ff88eee0000 - 0x00007ff88f748000 	C:\WINDOWS\SYSTEM32\windows.storage.dll
0x00007ff8922c0000 - 0x00007ff892638000 	C:\WINDOWS\System32\combase.dll
0x00007ff88ed70000 - 0x00007ff88eed6000 	C:\WINDOWS\SYSTEM32\wintypes.dll
0x00007ff892cf0000 - 0x00007ff892dda000 	C:\WINDOWS\System32\SHCORE.dll
0x00007ff892b90000 - 0x00007ff892bed000 	C:\WINDOWS\System32\shlwapi.dll
0x00007ff890d20000 - 0x00007ff890d41000 	C:\WINDOWS\SYSTEM32\profapi.dll
0x00007ff87c910000 - 0x00007ff87c92a000 	C:\Program Files\Android\Android Studio\jre\bin\net.dll
0x00007ff88b950000 - 0x00007ff88ba5c000 	C:\WINDOWS\SYSTEM32\WINHTTP.dll
0x00007ff8903f0000 - 0x00007ff890457000 	C:\WINDOWS\system32\mswsock.dll
0x00007ff875220000 - 0x00007ff875234000 	C:\Program Files\Android\Android Studio\jre\bin\nio.dll
0x00007ff872ea0000 - 0x00007ff872ec7000 	C:\Users\HUONG\.gradle\native\e1d6ef7f7dcc3fd88c89a11ec53ec762bb8ba0a96d01ffa2cd45eb1d1d8dd5c5\windows-amd64\native-platform.dll
0x00007ff827510000 - 0x00007ff827654000 	C:\Users\HUONG\.gradle\native\5664cfc778a61ccfe75a443a1ab52a65af34e5dc3c78e0209fed803814484fcb\windows-amd64\native-platform-file-events.dll
0x00007ff87d3b0000 - 0x00007ff87d3ba000 	C:\Program Files\Android\Android Studio\jre\bin\management.dll
0x00007ff878310000 - 0x00007ff87831d000 	C:\Program Files\Android\Android Studio\jre\bin\management_ext.dll
0x00007ff890650000 - 0x00007ff890668000 	C:\WINDOWS\SYSTEM32\CRYPTSP.dll
0x00007ff88ff00000 - 0x00007ff88ff35000 	C:\WINDOWS\system32\rsaenh.dll
0x00007ff890500000 - 0x00007ff890529000 	C:\WINDOWS\SYSTEM32\USERENV.dll
0x00007ff8907d0000 - 0x00007ff8907f7000 	C:\WINDOWS\SYSTEM32\bcrypt.dll
0x00007ff890670000 - 0x00007ff89067c000 	C:\WINDOWS\SYSTEM32\CRYPTBASE.dll
0x00007ff88fa90000 - 0x00007ff88fabd000 	C:\WINDOWS\SYSTEM32\IPHLPAPI.DLL
0x00007ff892710000 - 0x00007ff892719000 	C:\WINDOWS\System32\NSI.dll
0x00007ff88b750000 - 0x00007ff88b769000 	C:\WINDOWS\SYSTEM32\dhcpcsvc6.DLL
0x00007ff88bd50000 - 0x00007ff88bd6e000 	C:\WINDOWS\SYSTEM32\dhcpcsvc.DLL
0x00007ff88fb00000 - 0x00007ff88fbe7000 	C:\WINDOWS\SYSTEM32\DNSAPI.dll
0x00007ff88fc40000 - 0x00007ff88fc74000 	C:\WINDOWS\SYSTEM32\ntmarta.dll

dbghelp: loaded successfully - version: 4.0.5 - missing functions: none
symbol engine: initialized successfully - sym options: 0x614 - pdb path: .;C:\Program Files\Android\Android Studio\jre\bin;C:\WINDOWS\SYSTEM32;C:\WINDOWS\WinSxS\amd64_microsoft.windows.common-controls_6595b64144ccf1df_6.0.22000.120_none_9d947278b86cc467;C:\Program Files\Android\Android Studio\jre\bin\server;C:\Users\HUONG\.gradle\native\e1d6ef7f7dcc3fd88c89a11ec53ec762bb8ba0a96d01ffa2cd45eb1d1d8dd5c5\windows-amd64;C:\Users\HUONG\.gradle\native\5664cfc778a61ccfe75a443a1ab52a65af34e5dc3c78e0209fed803814484fcb\windows-amd64

VM Arguments:
jvm_args: --add-opens=java.base/java.util=ALL-UNNAMED --add-opens=java.base/java.lang=ALL-UNNAMED --add-opens=java.base/java.lang.invoke=ALL-UNNAMED --add-opens=java.base/java.util=ALL-UNNAMED --add-opens=java.prefs/java.util.prefs=ALL-UNNAMED --add-opens=java.prefs/java.util.prefs=ALL-UNNAMED --add-opens=java.base/java.nio.charset=ALL-UNNAMED --add-opens=java.base/java.net=ALL-UNNAMED --add-opens=java.base/java.util.concurrent.atomic=ALL-UNNAMED -Xmx2048m -Dfile.encoding=UTF-8 -Duser.country=US -Duser.language=en -Duser.variant 
java_command: org.gradle.launcher.daemon.bootstrap.GradleDaemon 7.2
java_class_path (initial): C:\Users\HUONG\.gradle\wrapper\dists\gradle-7.2-bin\2dnblmf4td7x66yl1d74lt32g\gradle-7.2\lib\gradle-launcher-7.2.jar
Launcher Type: SUN_STANDARD

[Global flags]
     intx CICompilerCount                          = 4                                         {product} {ergonomic}
     uint ConcGCThreads                            = 2                                         {product} {ergonomic}
     uint G1ConcRefinementThreads                  = 8                                         {product} {ergonomic}
   size_t G1HeapRegionSize                         = 1048576                                   {product} {ergonomic}
    uintx GCDrainStackTargetSize                   = 64                                        {product} {ergonomic}
   size_t InitialHeapSize                          = 132120576                                 {product} {ergonomic}
   size_t MarkStackSize                            = 4194304                                   {product} {ergonomic}
   size_t MaxHeapSize                              = 2147483648                                {product} {command line}
   size_t MaxNewSize                               = 1287651328                                {product} {ergonomic}
   size_t MinHeapDeltaBytes                        = 1048576                                   {product} {ergonomic}
    uintx NonNMethodCodeHeapSize                   = 5836300                                {pd product} {ergonomic}
    uintx NonProfiledCodeHeapSize                  = 122910970                              {pd product} {ergonomic}
    uintx ProfiledCodeHeapSize                     = 122910970                              {pd product} {ergonomic}
    uintx ReservedCodeCacheSize                    = 251658240                              {pd product} {ergonomic}
     bool SegmentedCodeCache                       = true                                      {product} {ergonomic}
     bool UseCompressedClassPointers               = true                                 {lp64_product} {ergonomic}
     bool UseCompressedOops                        = true                                 {lp64_product} {ergonomic}
     bool UseG1GC                                  = true                                      {product} {ergonomic}
     bool UseLargePagesIndividualAllocation        = false                                  {pd product} {ergonomic}

Logging:
Log output configuration:
 #0: stdout all=warning uptime,level,tags
 #1: stderr all=off uptime,level,tags

Environment Variables:
JAVA_HOME=C:\Program Files\Java\jdk-16
PATH=C:\Program Files\Common Files\Oracle\Java\javapath;C:\Program Files\Microsoft MPI\Bin\;C:\Windows\system32;C:\Windows;C:\Windows\System32\Wbem;C:\Windows\System32\WindowsPowerShell\v1.0\;C:\Windows\System32\OpenSSH\;C:\Program Files\NVIDIA Corporation\NVIDIA NvDLISR;C:\Program Files (x86)\NVIDIA Corporation\PhysX\Common;C:\ProgramData\subutai\control-center;C:\Program Files (x86)\ssh;C:\Program Files\Java\jdk-15.0.2\bin;C:\Program Files\Java\jdk-16\bin;C:\Program Files\dotnet\;C:\Program Files\nodejs\;C:\xampp\php;C:\ProgramData\ComposerSetup\bin;C:\Program Files\Git\cmd;C:\WINDOWS\system32;C:\WINDOWS;C:\WINDOWS\System32\Wbem;C:\WINDOWS\System32\WindowsPowerShell\v1.0\;C:\WINDOWS\System32\OpenSSH\;C:\Users\HUONG\AppData\Local\Programs\Python\Python39\Scripts\;C:\Users\HUONG\AppData\Local\Programs\Python\Python39\;C:\Users\HUONG\AppData\Local\Microsoft\WindowsApps;C:\Program Files\Azure Data Studio\bin;C:\Users\HUONG\AppData\Local\Programs\Microsoft VS Code\bin;C:\Users\HUONG\AppData\Local\GitHubDesktop\bin;C:\Users\HUONG\AppData\Roaming\npm;C:\Users\HUONG\AppData\Roaming\Composer\vendor\bin;C:\xampp\php;
USERNAME=HUONG
OS=Windows_NT
PROCESSOR_IDENTIFIER=Intel64 Family 6 Model 126 Stepping 5, GenuineIntel



---------------  S Y S T E M  ---------------

OS: Windows 10 , 64 bit Build 22000 (10.0.22000.434)
OS uptime: 0 days 1:16 hours
Hyper-V role detected

CPU:total 8 (initial active 8) (4 cores per cpu, 2 threads per core) family 6 model 126 stepping 5 microcode 0xa6, cmov, cx8, fxsr, mmx, sse, sse2, sse3, ssse3, sse4.1, sse4.2, popcnt, avx, avx2, aes, clmul, erms, 3dnowpref, lzcnt, ht, tsc, tscinvbit, bmi1, bmi2, adx, evex, sha, fma

Memory: 4k page, system-wide physical 7959M (350M free)
TotalPageFile size 16088M (AvailPageFile size 8M)
current process WorkingSet (physical memory assigned to process): 544M, peak: 550M
current process commit charge ("private bytes"): 595M, peak: 604M

vm_info: OpenJDK 64-Bit Server VM (11.0.11+9-b60-7590822) for windows-amd64 JRE (11.0.11+9-b60-7590822), built on Jul 29 2021 21:43:44 by "builder" with MS VC++ 14.0 (VS2015)

END.
